# Logfile created on Sun Mar 14 21:58:41 +0300 2010

Processing ArticleController#index (for 127.0.0.1 at 2010-03-14 22:00:58) [GET]
  Parameters: {"action"=>"index", "controller"=>"article"}
Rendering template within layouts/default2
Rendering article/index
Rendered article/_article_new (3.1ms)
  [4;36;1mUser Load (48.7ms)[0m   [0;1mSELECT * FROM "users" WHERE ("users"."id" = 1) LIMIT 1[0m

ActionView::TemplateError (can't convert nil into String) on line #55 of app/views/layouts/default2.html.erb:
52: 			<div id="navigation">
53: 				<ul id="second-menu">
54: 					<% if user_signed_in?%>
55: 						<li><%=link_to (decrypt_role(current_user.role)+' '+current_user.name, edit_user_registration_path)%></li>
56: 						<li><%=link_to "Новый заказ", :controller=>'orders', :action=>'new'%></li>
57: 						<li><%=link_to "Мои заказы", :controller=>'orders'%></li>
58: 						<li><%=link_to "Выйти", destroy_user_session_path, :method=>"GET"%></li>

    app/views/layouts/default2.html.erb:55
    warden (0.9.5) [v] lib/warden/manager.rb:34:in `call'
    warden (0.9.5) [v] lib/warden/manager.rb:33:in `catch'
    warden (0.9.5) [v] lib/warden/manager.rb:33:in `call'

Rendered rescues/_trace (54.8ms)
Rendered rescues/_request_and_response (1.2ms)
Rendering rescues/layout (internal_server_error)


Processing SessionsController#destroy (for 127.0.0.1 at 2010-03-14 22:01:16) [GET]
  Parameters: {"action"=>"destroy", "controller"=>"sessions"}
  [4;35;1mUser Load (0.8ms)[0m   [0mSELECT * FROM "users" WHERE ("users"."id" = 1) LIMIT 1[0m
  [4;36;1mSQL (0.3ms)[0m   [0;1m SELECT name
 FROM sqlite_master
 WHERE type = 'table' AND NOT name = 'sqlite_sequence'
[0m
Redirected to http://localhost:3000/
Completed in 40ms (DB: 1) | 302 Found [http://localhost/users/sign_out]


Processing ArticleController#index (for 127.0.0.1 at 2010-03-14 22:01:16) [GET]
  Parameters: {"action"=>"index", "controller"=>"article"}
Rendering template within layouts/default2
Rendering article/index
Rendered article/_article_new (1.1ms)
  [4;35;1mUser Load (0.8ms)[0m   [0mSELECT * FROM "users" WHERE ("users"."id" = '1') LIMIT 1[0m
Completed in 40ms (View: 17, DB: 1) | 200 OK [http://localhost/]


Processing RegistrationsController#new (for 127.0.0.1 at 2010-03-14 22:01:19) [GET]
  Parameters: {"action"=>"new", "controller"=>"registrations"}
Rendering template within layouts/default2
Rendering registrations/new
Rendered shared/_devise_links (25.0ms)
Rendered article/_article_new (1.3ms)
  [4;36;1mUser Load (0.9ms)[0m   [0;1mSELECT * FROM "users" WHERE ("users"."id" = '1') LIMIT 1[0m
Completed in 175ms (View: 129, DB: 1) | 200 OK [http://localhost/users/sign_up]


Processing ApplicationController#index (for 127.0.0.1 at 2010-03-14 22:01:20) [GET]

ActionController::RoutingError (No route matches "/users/images/favicon.ico" with {:method=>:get}):
  warden (0.9.5) [v] lib/warden/manager.rb:34:in `call'
  warden (0.9.5) [v] lib/warden/manager.rb:33:in `catch'
  warden (0.9.5) [v] lib/warden/manager.rb:33:in `call'

Rendering rescues/layout (not_found)


Processing RegistrationsController#create (for 127.0.0.1 at 2010-03-14 22:01:51) [POST]
  Parameters: {"commit"=>"Зарегистрироваться", "action"=>"create", "authenticity_token"=>"JtDRT9HBhDwtWPmLNT+sYFoH4TKixdw5pdgW/ew0rgw=", "controller"=>"registrations", "user"=>{"name"=>"Some", "icq"=>"", "password_confirmation"=>"[FILTERED]", "adress"=>"", "other"=>"", "phone"=>"", "password"=>"[FILTERED]", "email"=>"user@test.com"}}
WARNING: Can't mass-assign these protected attributes: name, icq, adress, other, phone
  [4;35;1mUser Load (21.4ms)[0m   [0mSELECT "users".id FROM "users" WHERE ("users"."email" = 'user@test.com') LIMIT 1[0m
Rendering template within layouts/default2
Rendering registrations/new
Rendered shared/_devise_links (0.8ms)
Rendered article/_article_new (1.3ms)
  [4;36;1mUser Load (1.6ms)[0m   [0;1mSELECT * FROM "users" WHERE ("users"."id" = '1') LIMIT 1[0m
Completed in 333ms (View: 21, DB: 23) | 200 OK [http://localhost/users]


Processing RegistrationsController#create (for 127.0.0.1 at 2010-03-14 22:02:44) [POST]
  Parameters: {"commit"=>"Зарегистрироваться", "action"=>"create", "authenticity_token"=>"JtDRT9HBhDwtWPmLNT+sYFoH4TKixdw5pdgW/ew0rgw=", "controller"=>"registrations", "user"=>{"name"=>"some", "icq"=>"", "password_confirmation"=>"[FILTERED]", "adress"=>"", "other"=>"", "phone"=>"", "password"=>"[FILTERED]", "email"=>"user1@test.com"}}
WARNING: Can't mass-assign these protected attributes: name, icq, adress, other, phone
  [4;35;1mUser Load (0.6ms)[0m   [0mSELECT "users".id FROM "users" WHERE ("users"."email" = 'user1@test.com') LIMIT 1[0m
  [4;36;1mUser Create (59.3ms)[0m   [0;1mINSERT INTO "users" ("encrypted_password", "name", "created_at", "icq", "confirmation_sent_at", "last_sign_in_ip", "updated_at", "last_sign_in_at", "role", "adress", "sign_in_count", "password_salt", "reset_password_token", "remember_token", "current_sign_in_ip", "phone", "other", "confirmation_token", "remember_created_at", "current_sign_in_at", "email", "confirmed_at") VALUES('67abb3eaf7960a9d482c1f6cf03e5cd66deb8570', NULL, '2010-03-14 19:02:44', NULL, '2010-03-14 19:02:44', NULL, '2010-03-14 19:02:44', NULL, 0, NULL, NULL, 'tOVA-rJfTOgxNXflXcCK', NULL, NULL, NULL, NULL, NULL, 'aeb2bDv67R7oWCPpYrD7', NULL, NULL, 'user1@test.com', NULL)[0m
Sent mail to user1@test.com

Date: Sun, 14 Mar 2010 22:02:44 +0300
From: please-change-me@config-initializers-devise.com
To: user1@test.com
Subject: Confirmation instructions
Mime-Version: 1.0
Content-Type: text/html; charset=utf-8

<p>Welcome user1@test.com!</p>

<p>You can confirm your account through the link below:</p>

<p><a href="http://localhost:3000/users/confirmation?confirmation_token=aeb2bDv67R7oWCPpYrD7">Confirm my account</a></p>


Processing SessionsController#new (for 127.0.0.1 at 2010-03-14 22:02:45) [GET]
  Parameters: {"action"=>"new", "unconfirmed"=>"true", "controller"=>"sessions"}
Rendering template within layouts/default2
Rendering sessions/new
Rendered shared/_devise_links (1.0ms)
Rendered article/_article_new (1.5ms)
  [4;35;1mUser Load (0.6ms)[0m   [0mSELECT * FROM "users" WHERE ("users"."id" = '1') LIMIT 1[0m
Completed in 121ms (View: 82, DB: 1) | 200 OK [http://localhost/users/sign_in?unconfirmed=true]


Processing ApplicationController#index (for 127.0.0.1 at 2010-03-14 22:02:45) [GET]

ActionController::RoutingError (No route matches "/users/images/favicon.ico" with {:method=>:get}):
  warden (0.9.5) [v] lib/warden/manager.rb:34:in `call'
  warden (0.9.5) [v] lib/warden/manager.rb:33:in `catch'
  warden (0.9.5) [v] lib/warden/manager.rb:33:in `call'

Rendering rescues/layout (not_found)


Processing SessionsController#create (for 127.0.0.1 at 2010-03-14 22:02:55) [POST]
  Parameters: {"commit"=>"Войти", "action"=>"create", "authenticity_token"=>"JtDRT9HBhDwtWPmLNT+sYFoH4TKixdw5pdgW/ew0rgw=", "controller"=>"sessions", "user"=>{"remember_me"=>"0", "password"=>"[FILTERED]", "email"=>"user1@test.com"}}
  [4;36;1mUser Load (0.8ms)[0m   [0;1mSELECT * FROM "users" WHERE ("users"."id" = '1') LIMIT 1[0m
  [4;35;1mUser Load (0.5ms)[0m   [0mSELECT * FROM "users" WHERE ("users"."email" = 'user1@test.com') LIMIT 1[0m
WARNING: Can't mass-assign these protected attributes: remember_me
Rendering template within layouts/default2
Rendering sessions/new
Rendered shared/_devise_links (0.7ms)
Rendered article/_article_new (1.2ms)
Completed in 106ms (View: 8, DB: 1) | 200 OK [http://localhost/users/sign_in]


Processing ApplicationController#index (for 127.0.0.1 at 2010-03-14 22:02:55) [GET]

ActionController::RoutingError (No route matches "/users/images/favicon.ico" with {:method=>:get}):
  warden (0.9.5) [v] lib/warden/manager.rb:34:in `call'
  warden (0.9.5) [v] lib/warden/manager.rb:33:in `catch'
  warden (0.9.5) [v] lib/warden/manager.rb:33:in `call'

Rendering rescues/layout (not_found)


Processing ConfirmationsController#show (for 127.0.0.1 at 2010-03-14 22:03:27) [GET]
  Parameters: {"action"=>"show", "controller"=>"confirmations", "confirmation_token"=>"aeb2bDv67R7oWCPpYrD7"}
  [4;36;1mUser Load (15.0ms)[0m   [0;1mSELECT * FROM "users" WHERE ("users"."confirmation_token" = 'aeb2bDv67R7oWCPpYrD7') LIMIT 1[0m
  [4;35;1mUser Update (0.6ms)[0m   [0mUPDATE "users" SET "updated_at" = '2010-03-14 19:03:27', "confirmed_at" = '2010-03-14 19:03:27', "confirmation_token" = NULL WHERE "id" = 5[0m
  [4;36;1mUser Update (0.4ms)[0m   [0;1mUPDATE "users" SET "updated_at" = '2010-03-14 19:03:27', "sign_in_count" = 1, "current_sign_in_at" = '2010-03-14 19:03:27', "current_sign_in_ip" = '127.0.0.1', "last_sign_in_at" = '2010-03-14 19:03:27', "last_sign_in_ip" = '127.0.0.1' WHERE "id" = 5[0m
Redirected to http://localhost:3000/
Completed in 49ms (DB: 16) | 302 Found [http://localhost/users/confirmation?confirmation_token=aeb2bDv67R7oWCPpYrD7]


Processing ArticleController#index (for 127.0.0.1 at 2010-03-14 22:03:27) [GET]
  Parameters: {"action"=>"index", "controller"=>"article"}
Rendering template within layouts/default2
Rendering article/index
Rendered article/_article_new (1.1ms)
  [4;35;1mUser Load (0.8ms)[0m   [0mSELECT * FROM "users" WHERE ("users"."id" = 5) LIMIT 1[0m

ActionView::TemplateError (can't convert nil into String) on line #55 of app/views/layouts/default2.html.erb:
52: 			<div id="navigation">
53: 				<ul id="second-menu">
54: 					<% if user_signed_in?%>
55: 						<li><%=link_to (decrypt_role(current_user.role)+' '+current_user.name, edit_user_registration_path)%></li>
56: 						<li><%=link_to "Новый заказ", :controller=>'orders', :action=>'new'%></li>
57: 						<li><%=link_to "Мои заказы", :controller=>'orders'%></li>
58: 						<li><%=link_to "Выйти", destroy_user_session_path, :method=>"GET"%></li>

    app/views/layouts/default2.html.erb:55
    warden (0.9.5) [v] lib/warden/manager.rb:34:in `call'
    warden (0.9.5) [v] lib/warden/manager.rb:33:in `catch'
    warden (0.9.5) [v] lib/warden/manager.rb:33:in `call'

Rendered rescues/_trace (122.0ms)
Rendered rescues/_request_and_response (0.3ms)
Rendering rescues/layout (internal_server_error)


Processing SessionsController#create (for 127.0.0.1 at 2010-03-14 22:03:38) [POST]
  Parameters: {"commit"=>"Войти", "action"=>"create", "authenticity_token"=>"JtDRT9HBhDwtWPmLNT+sYFoH4TKixdw5pdgW/ew0rgw=", "controller"=>"sessions", "user"=>{"remember_me"=>"0", "password"=>"[FILTERED]", "email"=>"user1@test.com"}}
  [4;36;1mUser Load (0.8ms)[0m   [0;1mSELECT * FROM "users" WHERE ("users"."id" = 5) LIMIT 1[0m
Redirected to http://localhost:3000/
Filter chain halted as [:require_no_authentication] rendered_or_redirected.
Completed in 13ms (DB: 1) | 302 Found [http://localhost/users/sign_in]


Processing ArticleController#index (for 127.0.0.1 at 2010-03-14 22:03:38) [GET]
  Parameters: {"action"=>"index", "controller"=>"article"}
Rendering template within layouts/default2
Rendering article/index
Rendered article/_article_new (1.1ms)
  [4;35;1mUser Load (0.8ms)[0m   [0mSELECT * FROM "users" WHERE ("users"."id" = 5) LIMIT 1[0m

ActionView::TemplateError (can't convert nil into String) on line #55 of app/views/layouts/default2.html.erb:
52: 			<div id="navigation">
53: 				<ul id="second-menu">
54: 					<% if user_signed_in?%>
55: 						<li><%=link_to (decrypt_role(current_user.role)+' '+current_user.name, edit_user_registration_path)%></li>
56: 						<li><%=link_to "Новый заказ", :controller=>'orders', :action=>'new'%></li>
57: 						<li><%=link_to "Мои заказы", :controller=>'orders'%></li>
58: 						<li><%=link_to "Выйти", destroy_user_session_path, :method=>"GET"%></li>

    app/views/layouts/default2.html.erb:55
    warden (0.9.5) [v] lib/warden/manager.rb:34:in `call'
    warden (0.9.5) [v] lib/warden/manager.rb:33:in `catch'
    warden (0.9.5) [v] lib/warden/manager.rb:33:in `call'

Rendered rescues/_trace (120.9ms)
Rendered rescues/_request_and_response (0.3ms)
Rendering rescues/layout (internal_server_error)


Processing AdminController#index (for 127.0.0.1 at 2010-03-14 22:14:05) [GET]
  Parameters: {"action"=>"index", "controller"=>"admin"}
  [4;36;1mUser Load (1.0ms)[0m   [0;1mSELECT * FROM "users" WHERE ("users"."id" = 5) LIMIT 1[0m
  [4;35;1mSQL (0.2ms)[0m   [0mSELECT count(*) AS count_all FROM "orders" [0m
  [4;36;1mOrder Load (1.4ms)[0m   [0;1mSELECT "orders".* FROM "orders" ORDER BY "orders"."id" ASC LIMIT 15 OFFSET 0[0m
Rendering template within layouts/admin
Rendering list
Rendered _list_header (5.9ms)
Rendered _list_column_headings (50.4ms)
Rendered _messages (1.4ms)
Rendered _list_actions (5.6ms)
Rendered _list_record (19.8ms)
Rendered _list_actions (3.3ms)
Rendered _list_record (11.1ms)
Rendered _list_actions (3.4ms)
Rendered _list_record (11.4ms)
Rendered _list_actions (3.4ms)
Rendered _list_record (11.3ms)
Rendered _list_actions (3.4ms)
Rendered _list_record (12.1ms)
Rendered _list (134.6ms)
  [4;35;1mSQL (0.3ms)[0m   [0m SELECT name
 FROM sqlite_master
 WHERE type = 'table' AND NOT name = 'sqlite_sequence'
[0m
Completed in 506ms (View: 385, DB: 3) | 200 OK [http://localhost/admin/]


Processing ApplicationController#index (for 127.0.0.1 at 2010-03-14 22:14:06) [GET]

ActionController::RoutingError (No route matches "/stylesheets/activescaffold.css" with {:method=>:get}):
  warden (0.9.5) [v] lib/warden/manager.rb:34:in `call'
  warden (0.9.5) [v] lib/warden/manager.rb:33:in `catch'
  warden (0.9.5) [v] lib/warden/manager.rb:33:in `call'

Rendering rescues/layout (not_found)


Processing Admin::UserController#index (for 127.0.0.1 at 2010-03-14 22:14:13) [GET]
  Parameters: {"action"=>"index", "controller"=>"admin/user"}
  [4;36;1mUser Load (0.5ms)[0m   [0;1mSELECT * FROM "users" WHERE ("users"."id" = 5) LIMIT 1[0m
  [4;35;1mSQL (0.2ms)[0m   [0mSELECT count(*) AS count_all FROM "users" [0m
  [4;36;1mUser Load (1.1ms)[0m   [0;1mSELECT "users".* FROM "users" ORDER BY "users"."role" ASC LIMIT 15 OFFSET 0[0m
Rendering list
Rendered _list_header (4.5ms)
Rendered _list_column_headings (32.5ms)
Rendered _messages (0.9ms)
Rendered _list_actions (4.8ms)
Rendered _list_record (15.1ms)
Rendered _list_actions (4.3ms)
Rendered _list_record (9.3ms)
Rendered _list_actions (3.4ms)
Rendered _list_record (8.4ms)
Rendered _list_actions (3.5ms)
Rendered _list_record (8.3ms)
Rendered _list_actions (3.5ms)
Rendered _list_record (8.3ms)
Rendered _list (170.3ms)
  [4;35;1mSQL (0.3ms)[0m   [0m SELECT name
 FROM sqlite_master
 WHERE type = 'table' AND NOT name = 'sqlite_sequence'
[0m
Completed in 245ms (View: 216, DB: 2) | 200 OK [http://localhost/admin/user]
  [4;36;1mSQL (0.6ms)[0m   [0;1m SELECT name
 FROM sqlite_master
 WHERE type = 'table' AND NOT name = 'sqlite_sequence'
[0m
  [4;35;1mSQL (0.3ms)[0m   [0mSELECT version FROM schema_migrations[0m
Migrating to DeviseCreateUsers (20100301002225)
Migrating to CreateOrders (20100309104354)
Migrating to AddColumnsToOrders (20100309104617)
Migrating to AddRolesToUsers (20100310102826)
Migrating to AddDefault (20100310131412)
Migrating to ChangeUseridToInt (20100310145133)
Migrating to AddCycleToOrders (20100311081340)
Migrating to AddDetailsToUsers (20100311140621)
  [4;36;1mSQL (0.2ms)[0m   [0;1mselect sqlite_version(*)[0m
  [4;35;1mSQL (0.2ms)[0m   [0m SELECT name
 FROM sqlite_master
 WHERE type = 'table' AND NOT name = 'sqlite_sequence'
[0m
  [4;36;1mSQL (0.3ms)[0m   [0;1mSELECT version FROM schema_migrations[0m
  [4;35;1mSQL (0.2ms)[0m   [0m SELECT name
 FROM sqlite_master
 WHERE type = 'table' AND NOT name = 'sqlite_sequence'
[0m
  [4;36;1mSQL (0.0ms)[0m   [0;1mPRAGMA index_list("orders")[0m
  [4;35;1mSQL (0.2ms)[0m   [0mPRAGMA index_list("users")[0m
  [4;36;1mSQL (0.1ms)[0m   [0;1mPRAGMA index_info('index_users_on_reset_password_token')[0m
  [4;35;1mSQL (0.1ms)[0m   [0mPRAGMA index_info('index_users_on_confirmation_token')[0m
  [4;36;1mSQL (0.1ms)[0m   [0;1mPRAGMA index_info('index_users_on_email')[0m


Processing Admin::UserController#index (for 127.0.0.1 at 2010-03-14 22:16:45) [GET]
  Parameters: {"action"=>"index", "controller"=>"admin/user"}
  [4;36;1mUser Load (13.4ms)[0m   [0;1mSELECT * FROM "users" WHERE ("users"."id" = 5) LIMIT 1[0m
  [4;35;1mSQL (0.3ms)[0m   [0mSELECT count(*) AS count_all FROM "users" [0m
  [4;36;1mUser Load (1.9ms)[0m   [0;1mSELECT "users".* FROM "users" ORDER BY "users"."role" ASC LIMIT 15 OFFSET 0[0m
Rendering list
Rendered _list_header (6.1ms)
Rendered _list_column_headings (36.0ms)
Rendered _messages (1.0ms)
Rendered _list_actions (5.1ms)
Rendered _list_record (129.6ms)
Rendered _list_actions (3.7ms)
Rendered _list_record (9.2ms)
Rendered _list_actions (4.1ms)
Rendered _list_record (9.1ms)
Rendered _list_actions (3.9ms)
Rendered _list_record (9.2ms)
Rendered _list_actions (3.8ms)
Rendered _list_record (9.1ms)
Rendered _list (220.9ms)
  [4;35;1mSQL (0.3ms)[0m   [0m SELECT name
 FROM sqlite_master
 WHERE type = 'table' AND NOT name = 'sqlite_sequence'
[0m
Completed in 451ms (View: 286, DB: 16) | 200 OK [http://localhost/admin/user]


Processing Admin::UserController#new (for 127.0.0.1 at 2010-03-14 22:16:58) [GET]
  Parameters: {"action"=>"new", "_method"=>"get", "controller"=>"admin/user"}
  [4;36;1mUser Load (0.5ms)[0m   [0;1mSELECT * FROM "users" WHERE ("users"."id" = 5) LIMIT 1[0m
Rendering create
Rendered _messages (0.9ms)
Rendered _form_messages (77.3ms)
Rendered _form_attribute (2.4ms)
Rendered _form_attribute (8.2ms)
Rendered _form_attribute (1.0ms)
Rendered _form_attribute (7.4ms)
Rendered _form_attribute (7.1ms)
Rendered _form_attribute (1.0ms)
Rendered _form_attribute (0.8ms)
Rendered _form_attribute (1.2ms)
Rendered _form_attribute (0.8ms)
Rendered _form_attribute (8.2ms)
Rendered _form_attribute (1.1ms)
Rendered _form_attribute (0.8ms)
Rendered _form_attribute (0.7ms)
Rendered _form_attribute (0.9ms)
Rendered _form_attribute (0.8ms)
Rendered _form_attribute (7.2ms)
Rendered _form_attribute (0.9ms)
Rendered _form_attribute (0.9ms)
Rendered _form_attribute (1.0ms)
Rendered _form (76.5ms)
Rendered _create_form (169.2ms)
  [4;35;1mSQL (0.6ms)[0m   [0m SELECT name
 FROM sqlite_master
 WHERE type = 'table' AND NOT name = 'sqlite_sequence'
[0m
Completed in 221ms (View: 202, DB: 1) | 200 OK [http://localhost/admin/user/new?_method=get]


Processing Admin::UserController#index (for 127.0.0.1 at 2010-03-14 22:17:15) [GET]
  Parameters: {"action"=>"index", "controller"=>"admin/user"}
  [4;36;1mUser Load (0.5ms)[0m   [0;1mSELECT * FROM "users" WHERE ("users"."id" = 5) LIMIT 1[0m
  [4;35;1mSQL (0.2ms)[0m   [0mSELECT count(*) AS count_all FROM "users" [0m
  [4;36;1mUser Load (1.2ms)[0m   [0;1mSELECT "users".* FROM "users" ORDER BY "users"."role" ASC LIMIT 15 OFFSET 0[0m
Rendering list
Rendered _list_header (3.9ms)
Rendered _list_column_headings (32.1ms)
Rendered _messages (0.9ms)
Rendered _list_actions (4.8ms)
Rendered _list_record (16.2ms)
Rendered _list_actions (3.4ms)
Rendered _list_record (8.6ms)
Rendered _list_actions (3.5ms)
Rendered _list_record (8.9ms)
Rendered _list_actions (3.7ms)
Rendered _list_record (8.7ms)
Rendered _list_actions (4.0ms)
Rendered _list_record (9.2ms)
Rendered _list (101.6ms)
  [4;35;1mSQL (0.3ms)[0m   [0m SELECT name
 FROM sqlite_master
 WHERE type = 'table' AND NOT name = 'sqlite_sequence'
[0m
Completed in 241ms (View: 132, DB: 2) | 200 OK [http://localhost/admin/user]


Processing Admin::UserController#edit (for 127.0.0.1 at 2010-03-14 22:17:19) [GET]
  Parameters: {"action"=>"edit", "_method"=>"get", "id"=>"1", "controller"=>"admin/user"}
  [4;36;1mUser Load (0.5ms)[0m   [0;1mSELECT * FROM "users" WHERE ("users"."id" = 5) LIMIT 1[0m
  [4;35;1mUser Load (0.4ms)[0m   [0mSELECT * FROM "users" WHERE ("users"."id" = 1) [0m
Rendering update
Rendered _messages (1.0ms)
Rendered _form_messages (6.6ms)
Rendered _form_attribute (2.6ms)
Rendered _form_attribute (7.8ms)
Rendered _form_attribute (1.0ms)
Rendered _form_attribute (7.3ms)
Rendered _form_attribute (7.2ms)
Rendered _form_attribute (1.1ms)
Rendered _form_attribute (0.9ms)
Rendered _form_attribute (1.4ms)
Rendered _form_attribute (0.8ms)
Rendered _form_attribute (77.1ms)
Rendered _form_attribute (1.1ms)
Rendered _form_attribute (0.9ms)
Rendered _form_attribute (0.8ms)
Rendered _form_attribute (1.0ms)
Rendered _form_attribute (0.9ms)
Rendered _form_attribute (7.6ms)
Rendered _form_attribute (1.0ms)
Rendered _form_attribute (1.2ms)
Rendered _form_attribute (1.0ms)
Rendered _form (147.3ms)
Rendered _update_form (168.5ms)
  [4;36;1mSQL (0.3ms)[0m   [0;1m SELECT name
 FROM sqlite_master
 WHERE type = 'table' AND NOT name = 'sqlite_sequence'
[0m
Completed in 281ms (View: 259, DB: 1) | 200 OK [http://localhost/admin/user/edit/1?_method=get]


Processing Admin::UserController#update (for 127.0.0.1 at 2010-03-14 22:17:29) [PUT]
  Parameters: {"commit"=>"Update", "action"=>"update", "_method"=>"put", "authenticity_token"=>"JtDRT9HBhDwtWPmLNT+sYFoH4TKixdw5pdgW/ew0rgw=", "id"=>"1", "controller"=>"admin/user", "record"=>{"remember_created_at(3i)"=>"14", "name"=>"some", "last_sign_in_at(3i)"=>"1", "encrypted_password"=>"[FILTERED]", "current_sign_in_at(4i)"=>"08", "confirmed_at(5i)"=>"45", "remember_created_at(4i)"=>"19", "icq"=>"", "current_sign_in_at(5i)"=>"45", "remember_created_at(5i)"=>"17", "last_sign_in_at(4i)"=>"08", "last_sign_in_ip"=>"127.0.0.1", "last_sign_in_at(5i)"=>"45", "role"=>"0", "adress"=>"", "confirmation_sent_at(1i)"=>"2010", "password_salt"=>"[FILTERED]", "confirmed_at(1i)"=>"2010", "confirmation_sent_at(2i)"=>"3", "reset_password_token"=>"[FILTERED]", "remember_token"=>"", "phone"=>"", "other"=>"", "current_sign_in_ip"=>"127.0.0.1", "confirmed_at(2i)"=>"3", "confirmation_sent_at(3i)"=>"1", "current_sign_in_at(1i)"=>"2010", "confirmed_at(3i)"=>"1", "confirmation_token"=>"", "confirmation_sent_at(4i)"=>"08", "remember_created_at(1i)"=>"2010", "last_sign_in_at(1i)"=>"2010", "current_sign_in_at(2i)"=>"3", "confirmed_at(4i)"=>"08", "confirmation_sent_at(5i)"=>"44", "remember_created_at(2i)"=>"3", "last_sign_in_at(2i)"=>"3", "email"=>"user@test.com", "current_sign_in_at(3i)"=>"1"}}
  [4;35;1mUser Load (20.3ms)[0m   [0mSELECT * FROM "users" WHERE ("users"."id" = 5) LIMIT 1[0m
  [4;36;1mUser Load (0.5ms)[0m   [0;1mSELECT * FROM "users" WHERE ("users"."id" = 1) [0m
  [4;35;1mUser Load (0.2ms)[0m   [0mSELECT "users".id FROM "users" WHERE ("users"."email" = 'user@test.com' AND "users".id <> 1) LIMIT 1[0m
  [4;36;1mCACHE (0.0ms)[0m   [0;1mSELECT "users".id FROM "users" WHERE ("users"."email" = 'user@test.com' AND "users".id <> 1) LIMIT 1[0m
  [4;35;1mUser Update (28.9ms)[0m   [0mUPDATE "users" SET "updated_at" = '2010-03-14 19:17:29', "name" = 'some', "confirmed_at" = '2010-03-01 08:45:00', "confirmation_sent_at" = '2010-03-01 08:44:00', "current_sign_in_at" = '2010-03-01 08:45:00', "last_sign_in_at" = '2010-03-01 08:45:00', "remember_created_at" = '2010-03-14 19:17:00' WHERE "id" = 1[0m
Redirected to http://localhost:3000/admin/user
Completed in 84ms (DB: 50) | 302 Found [http://localhost/admin/user/update/1]


Processing Admin::UserController#index (for 127.0.0.1 at 2010-03-14 22:17:30) [GET]
  Parameters: {"action"=>"index", "controller"=>"admin/user"}
  [4;36;1mUser Load (0.5ms)[0m   [0;1mSELECT * FROM "users" WHERE ("users"."id" = 5) LIMIT 1[0m
  [4;35;1mSQL (0.3ms)[0m   [0mSELECT count(*) AS count_all FROM "users" [0m
  [4;36;1mUser Load (1.1ms)[0m   [0;1mSELECT "users".* FROM "users" ORDER BY "users"."role" ASC LIMIT 15 OFFSET 0[0m
Rendering list
Rendered _list_header (4.0ms)
Rendered _list_column_headings (33.6ms)
Rendered _messages (0.9ms)
Rendered _list_actions (4.5ms)
Rendered _list_record (14.9ms)
Rendered _list_actions (3.5ms)
Rendered _list_record (8.6ms)
Rendered _list_actions (3.5ms)
Rendered _list_record (8.4ms)
Rendered _list_actions (3.7ms)
Rendered _list_record (8.8ms)
Rendered _list_actions (3.4ms)
Rendered _list_record (8.3ms)
Rendered _list (100.0ms)
  [4;35;1mSQL (0.3ms)[0m   [0m SELECT name
 FROM sqlite_master
 WHERE type = 'table' AND NOT name = 'sqlite_sequence'
[0m
Completed in 234ms (View: 131, DB: 2) | 200 OK [http://localhost/admin/user]


Processing Admin::UserController#edit (for 127.0.0.1 at 2010-03-14 22:17:32) [GET]
  Parameters: {"action"=>"edit", "_method"=>"get", "id"=>"5", "controller"=>"admin/user"}
  [4;36;1mUser Load (0.6ms)[0m   [0;1mSELECT * FROM "users" WHERE ("users"."id" = 5) LIMIT 1[0m
  [4;35;1mUser Load (0.5ms)[0m   [0mSELECT * FROM "users" WHERE ("users"."id" = 5) [0m
Rendering update
Rendered _messages (0.8ms)
Rendered _form_messages (5.6ms)
Rendered _form_attribute (1.7ms)
Rendered _form_attribute (7.6ms)
Rendered _form_attribute (1.0ms)
Rendered _form_attribute (7.0ms)
Rendered _form_attribute (7.6ms)
Rendered _form_attribute (1.1ms)
Rendered _form_attribute (0.8ms)
Rendered _form_attribute (1.2ms)
Rendered _form_attribute (0.9ms)
Rendered _form_attribute (7.1ms)
Rendered _form_attribute (1.1ms)
Rendered _form_attribute (0.8ms)
Rendered _form_attribute (0.8ms)
Rendered _form_attribute (1.0ms)
Rendered _form_attribute (0.8ms)
Rendered _form_attribute (7.4ms)
Rendered _form_attribute (1.0ms)
Rendered _form_attribute (1.1ms)
Rendered _form_attribute (1.0ms)
Rendered _form (144.1ms)
Rendered _update_form (163.2ms)
  [4;36;1mSQL (0.3ms)[0m   [0;1m SELECT name
 FROM sqlite_master
 WHERE type = 'table' AND NOT name = 'sqlite_sequence'
[0m
Completed in 280ms (View: 258, DB: 1) | 200 OK [http://localhost/admin/user/edit/5?_method=get]


Processing Admin::UserController#update (for 127.0.0.1 at 2010-03-14 22:17:40) [PUT]
  Parameters: {"commit"=>"Update", "action"=>"update", "_method"=>"put", "authenticity_token"=>"JtDRT9HBhDwtWPmLNT+sYFoH4TKixdw5pdgW/ew0rgw=", "id"=>"5", "controller"=>"admin/user", "record"=>{"remember_created_at(3i)"=>"14", "name"=>"some", "last_sign_in_at(3i)"=>"14", "encrypted_password"=>"[FILTERED]", "current_sign_in_at(4i)"=>"19", "confirmed_at(5i)"=>"03", "remember_created_at(4i)"=>"19", "icq"=>"", "current_sign_in_at(5i)"=>"03", "remember_created_at(5i)"=>"17", "last_sign_in_at(4i)"=>"19", "last_sign_in_ip"=>"127.0.0.1", "last_sign_in_at(5i)"=>"03", "role"=>"0", "adress"=>"", "confirmation_sent_at(1i)"=>"2010", "password_salt"=>"[FILTERED]", "confirmed_at(1i)"=>"2010", "confirmation_sent_at(2i)"=>"3", "reset_password_token"=>"[FILTERED]", "remember_token"=>"", "phone"=>"", "other"=>"", "current_sign_in_ip"=>"127.0.0.1", "confirmed_at(2i)"=>"3", "confirmation_sent_at(3i)"=>"14", "current_sign_in_at(1i)"=>"2010", "confirmed_at(3i)"=>"14", "confirmation_token"=>"", "confirmation_sent_at(4i)"=>"19", "remember_created_at(1i)"=>"2010", "last_sign_in_at(1i)"=>"2010", "current_sign_in_at(2i)"=>"3", "confirmed_at(4i)"=>"19", "confirmation_sent_at(5i)"=>"02", "remember_created_at(2i)"=>"3", "last_sign_in_at(2i)"=>"3", "email"=>"user1@test.com", "current_sign_in_at(3i)"=>"14"}}
  [4;35;1mUser Load (0.6ms)[0m   [0mSELECT * FROM "users" WHERE ("users"."id" = 5) LIMIT 1[0m
  [4;36;1mUser Load (0.4ms)[0m   [0;1mSELECT * FROM "users" WHERE ("users"."id" = 5) [0m
  [4;35;1mUser Load (0.2ms)[0m   [0mSELECT "users".id FROM "users" WHERE ("users"."email" = 'user1@test.com' AND "users".id <> 5) LIMIT 1[0m
  [4;36;1mCACHE (0.0ms)[0m   [0;1mSELECT "users".id FROM "users" WHERE ("users"."email" = 'user1@test.com' AND "users".id <> 5) LIMIT 1[0m
  [4;35;1mUser Update (0.3ms)[0m   [0mUPDATE "users" SET "updated_at" = '2010-03-14 19:17:40', "name" = 'some', "confirmed_at" = '2010-03-14 19:03:00', "confirmation_sent_at" = '2010-03-14 19:02:00', "current_sign_in_at" = '2010-03-14 19:03:00', "last_sign_in_at" = '2010-03-14 19:03:00', "remember_created_at" = '2010-03-14 19:17:00' WHERE "id" = 5[0m
Redirected to http://localhost:3000/admin/user
Completed in 36ms (DB: 2) | 302 Found [http://localhost/admin/user/update/5]


Processing Admin::UserController#index (for 127.0.0.1 at 2010-03-14 22:17:40) [GET]
  Parameters: {"action"=>"index", "controller"=>"admin/user"}
  [4;36;1mUser Load (1.0ms)[0m   [0;1mSELECT * FROM "users" WHERE ("users"."id" = 5) LIMIT 1[0m
  [4;35;1mSQL (0.2ms)[0m   [0mSELECT count(*) AS count_all FROM "users" [0m
  [4;36;1mUser Load (69.9ms)[0m   [0;1mSELECT "users".* FROM "users" ORDER BY "users"."role" ASC LIMIT 15 OFFSET 0[0m
Rendering list
Rendered _list_header (3.7ms)
Rendered _list_column_headings (32.7ms)
Rendered _messages (0.9ms)
Rendered _list_actions (4.3ms)
Rendered _list_record (14.8ms)
Rendered _list_actions (3.4ms)
Rendered _list_record (8.4ms)
Rendered _list_actions (4.0ms)
Rendered _list_record (9.0ms)
Rendered _list_actions (3.6ms)
Rendered _list_record (8.6ms)
Rendered _list_actions (3.6ms)
Rendered _list_record (8.5ms)
Rendered _list (98.6ms)
  [4;35;1mSQL (0.3ms)[0m   [0m SELECT name
 FROM sqlite_master
 WHERE type = 'table' AND NOT name = 'sqlite_sequence'
[0m
Completed in 229ms (View: 128, DB: 71) | 200 OK [http://localhost/admin/user]


Processing ArticleController#index (for 127.0.0.1 at 2010-03-14 22:17:50) [GET]
  Parameters: {"action"=>"index", "controller"=>"article"}
Rendering template within layouts/default2
Rendering article/index
Rendered article/_article_new (3.1ms)
  [4;36;1mUser Load (6.5ms)[0m   [0;1mSELECT * FROM "users" WHERE ("users"."id" = 5) LIMIT 1[0m
  [4;35;1mSQL (0.3ms)[0m   [0m SELECT name
 FROM sqlite_master
 WHERE type = 'table' AND NOT name = 'sqlite_sequence'
[0m
Completed in 100ms (View: 71, DB: 7) | 200 OK [http://localhost/]


Processing RegistrationsController#edit (for 127.0.0.1 at 2010-03-14 22:17:55) [GET]
  Parameters: {"action"=>"edit", "controller"=>"registrations"}
  [4;36;1mUser Load (0.8ms)[0m   [0;1mSELECT * FROM "users" WHERE ("users"."id" = 5) LIMIT 1[0m
Rendering template within layouts/default2
Rendering registrations/edit
Rendered shared/_devise_links (25.2ms)
Rendered article/_article_new (1.2ms)
  [4;35;1mSQL (0.3ms)[0m   [0m SELECT name
 FROM sqlite_master
 WHERE type = 'table' AND NOT name = 'sqlite_sequence'
[0m
Completed in 183ms (View: 94, DB: 1) | 200 OK [http://localhost/users/edit]


Processing ApplicationController#index (for 127.0.0.1 at 2010-03-14 22:17:55) [GET]

ActionController::RoutingError (No route matches "/users/images/favicon.ico" with {:method=>:get}):
  warden (0.9.5) [v] lib/warden/manager.rb:34:in `call'
  warden (0.9.5) [v] lib/warden/manager.rb:33:in `catch'
  warden (0.9.5) [v] lib/warden/manager.rb:33:in `call'

Rendering rescues/layout (not_found)


Processing SessionsController#destroy (for 127.0.0.1 at 2010-03-14 22:25:58) [GET]
  Parameters: {"action"=>"destroy", "_method"=>"GET", "authenticity_token"=>"JtDRT9HBhDwtWPmLNT+sYFoH4TKixdw5pdgW/ew0rgw=", "controller"=>"sessions"}
  [4;36;1mUser Load (14.5ms)[0m   [0;1mSELECT * FROM "users" WHERE ("users"."id" = 5) LIMIT 1[0m
  [4;35;1mSQL (0.3ms)[0m   [0m SELECT name
 FROM sqlite_master
 WHERE type = 'table' AND NOT name = 'sqlite_sequence'
[0m
Redirected to http://localhost:3000/
Completed in 142ms (DB: 15) | 302 Found [http://localhost/users/sign_out]


Processing ArticleController#index (for 127.0.0.1 at 2010-03-14 22:25:58) [GET]
  Parameters: {"action"=>"index", "controller"=>"article"}
Rendering template within layouts/default2
Rendering article/index
Rendered article/_article_new (1.2ms)
  [4;36;1mUser Load (0.8ms)[0m   [0;1mSELECT * FROM "users" WHERE ("users"."id" = '1') LIMIT 1[0m
Completed in 50ms (View: 30, DB: 1) | 200 OK [http://localhost/]


Processing RegistrationsController#new (for 127.0.0.1 at 2010-03-14 22:26:00) [GET]
  Parameters: {"action"=>"new", "controller"=>"registrations"}
Rendering template within layouts/default2
Rendering registrations/new
Rendered shared/_devise_links (8.8ms)
Rendered article/_article_new (1.3ms)
  [4;35;1mUser Load (0.5ms)[0m   [0mSELECT * FROM "users" WHERE ("users"."id" = '1') LIMIT 1[0m
Completed in 306ms (View: 288, DB: 1) | 200 OK [http://localhost/users/sign_up]


Processing ApplicationController#index (for 127.0.0.1 at 2010-03-14 22:26:00) [GET]

ActionController::RoutingError (No route matches "/users/images/favicon.ico" with {:method=>:get}):
  warden (0.9.5) [v] lib/warden/manager.rb:34:in `call'
  warden (0.9.5) [v] lib/warden/manager.rb:33:in `catch'
  warden (0.9.5) [v] lib/warden/manager.rb:33:in `call'

Rendering rescues/layout (not_found)


Processing RegistrationsController#create (for 127.0.0.1 at 2010-03-14 22:26:24) [POST]
  Parameters: {"commit"=>"Зарегистрироваться", "action"=>"create", "authenticity_token"=>"JtDRT9HBhDwtWPmLNT+sYFoH4TKixdw5pdgW/ew0rgw=", "controller"=>"registrations", "user"=>{"name"=>"Dome", "icq"=>"", "password_confirmation"=>"[FILTERED]", "adress"=>"", "other"=>"", "phone"=>"", "password"=>"[FILTERED]", "email"=>"user12@test.com"}}
WARNING: Can't mass-assign these protected attributes: name, icq, adress, other, phone
  [4;36;1mUser Load (0.2ms)[0m   [0;1mSELECT "users".id FROM "users" WHERE ("users"."email" = 'user12@test.com') LIMIT 1[0m
  [4;35;1mUser Create (23.5ms)[0m   [0mINSERT INTO "users" ("encrypted_password", "name", "created_at", "icq", "confirmation_sent_at", "last_sign_in_ip", "updated_at", "last_sign_in_at", "role", "adress", "sign_in_count", "password_salt", "reset_password_token", "remember_token", "current_sign_in_ip", "phone", "other", "confirmation_token", "remember_created_at", "current_sign_in_at", "email", "confirmed_at") VALUES('4b9d22635ab3503d6de5ffe64fa2bffd436c3753', NULL, '2010-03-14 19:26:24', NULL, '2010-03-14 19:26:24', NULL, '2010-03-14 19:26:24', NULL, 0, NULL, NULL, 'Ojn8zzUuhmTMRvRx1MZz', NULL, NULL, NULL, NULL, NULL, 'js_39lusYtQhYSlL5W9X', NULL, NULL, 'user12@test.com', NULL)[0m
Sent mail to user12@test.com

Date: Sun, 14 Mar 2010 22:26:24 +0300
From: please-change-me@config-initializers-devise.com
To: user12@test.com
Subject: Confirmation instructions
Mime-Version: 1.0
Content-Type: text/html; charset=utf-8

<p>Welcome user12@test.com!</p>

<p>You can confirm your account through the link below:</p>

<p><a href="http://localhost:3000/users/confirmation?confirmation_token=js_39lusYtQhYSlL5W9X">Confirm my account</a></p>


Processing SessionsController#new (for 127.0.0.1 at 2010-03-14 22:26:24) [GET]
  Parameters: {"action"=>"new", "unconfirmed"=>"true", "controller"=>"sessions"}
Rendering template within layouts/default2
Rendering sessions/new
Rendered shared/_devise_links (0.9ms)
Rendered article/_article_new (1.4ms)
  [4;36;1mUser Load (0.5ms)[0m   [0;1mSELECT * FROM "users" WHERE ("users"."id" = '1') LIMIT 1[0m
Completed in 159ms (View: 143, DB: 1) | 200 OK [http://localhost/users/sign_in?unconfirmed=true]


Processing ApplicationController#index (for 127.0.0.1 at 2010-03-14 22:26:25) [GET]

ActionController::RoutingError (No route matches "/users/images/favicon.ico" with {:method=>:get}):
  warden (0.9.5) [v] lib/warden/manager.rb:34:in `call'
  warden (0.9.5) [v] lib/warden/manager.rb:33:in `catch'
  warden (0.9.5) [v] lib/warden/manager.rb:33:in `call'

Rendering rescues/layout (not_found)


Processing SessionsController#create (for 127.0.0.1 at 2010-03-14 22:26:33) [POST]
  Parameters: {"commit"=>"Войти", "action"=>"create", "authenticity_token"=>"JtDRT9HBhDwtWPmLNT+sYFoH4TKixdw5pdgW/ew0rgw=", "controller"=>"sessions", "user"=>{"remember_me"=>"0", "password"=>"[FILTERED]", "email"=>"user12@test.com"}}
  [4;35;1mUser Load (0.8ms)[0m   [0mSELECT * FROM "users" WHERE ("users"."id" = '1') LIMIT 1[0m
  [4;36;1mUser Load (0.5ms)[0m   [0;1mSELECT * FROM "users" WHERE ("users"."email" = 'user12@test.com') LIMIT 1[0m
WARNING: Can't mass-assign these protected attributes: remember_me
Rendering template within layouts/default2
Rendering sessions/new
Rendered shared/_devise_links (0.8ms)
Rendered article/_article_new (1.3ms)
Completed in 39ms (View: 9, DB: 1) | 200 OK [http://localhost/users/sign_in]


Processing ApplicationController#index (for 127.0.0.1 at 2010-03-14 22:26:33) [GET]

ActionController::RoutingError (No route matches "/users/images/favicon.ico" with {:method=>:get}):
  warden (0.9.5) [v] lib/warden/manager.rb:34:in `call'
  warden (0.9.5) [v] lib/warden/manager.rb:33:in `catch'
  warden (0.9.5) [v] lib/warden/manager.rb:33:in `call'

Rendering rescues/layout (not_found)


Processing ConfirmationsController#show (for 127.0.0.1 at 2010-03-14 22:27:06) [GET]
  Parameters: {"action"=>"show", "controller"=>"confirmations", "confirmation_token"=>"js_39lusYtQhYSlL5W9X"}
  [4;35;1mUser Load (0.8ms)[0m   [0mSELECT * FROM "users" WHERE ("users"."confirmation_token" = 'js_39lusYtQhYSlL5W9X') LIMIT 1[0m
  [4;36;1mUser Update (0.6ms)[0m   [0;1mUPDATE "users" SET "updated_at" = '2010-03-14 19:27:06', "confirmed_at" = '2010-03-14 19:27:06', "confirmation_token" = NULL WHERE "id" = 6[0m
  [4;35;1mUser Update (0.5ms)[0m   [0mUPDATE "users" SET "updated_at" = '2010-03-14 19:27:06', "sign_in_count" = 1, "current_sign_in_at" = '2010-03-14 19:27:06', "current_sign_in_ip" = '127.0.0.1', "last_sign_in_at" = '2010-03-14 19:27:06', "last_sign_in_ip" = '127.0.0.1' WHERE "id" = 6[0m
Redirected to http://localhost:3000/
Completed in 28ms (DB: 2) | 302 Found [http://localhost/users/confirmation?confirmation_token=js_39lusYtQhYSlL5W9X]


Processing ArticleController#index (for 127.0.0.1 at 2010-03-14 22:27:06) [GET]
  Parameters: {"action"=>"index", "controller"=>"article"}
Rendering template within layouts/default2
Rendering article/index
Rendered article/_article_new (1.8ms)
  [4;36;1mUser Load (0.8ms)[0m   [0;1mSELECT * FROM "users" WHERE ("users"."id" = 6) LIMIT 1[0m

ActionView::TemplateError (can't convert nil into String) on line #55 of app/views/layouts/default2.html.erb:
52: 			<div id="navigation">
53: 				<ul id="second-menu">
54: 					<% if user_signed_in?%>
55: 						<li><%=link_to (decrypt_role(current_user.role)+' '+current_user.name, edit_user_registration_path)%></li>
56: 						<li><%=link_to "Новый заказ", :controller=>'orders', :action=>'new'%></li>
57: 						<li><%=link_to "Мои заказы", :controller=>'orders'%></li>
58: 						<li><%=link_to "Выйти", destroy_user_session_path, :method=>"GET"%></li>

    app/views/layouts/default2.html.erb:55
    warden (0.9.5) [v] lib/warden/manager.rb:34:in `call'
    warden (0.9.5) [v] lib/warden/manager.rb:33:in `catch'
    warden (0.9.5) [v] lib/warden/manager.rb:33:in `call'

Rendered rescues/_trace (52.4ms)
Rendered rescues/_request_and_response (1.2ms)
Rendering rescues/layout (internal_server_error)


Processing OrdersController#new (for 127.0.0.1 at 2010-03-14 22:28:23) [GET]
  Parameters: {"action"=>"new", "controller"=>"orders"}
  [4;35;1mUser Load (6.4ms)[0m   [0mSELECT * FROM "users" WHERE ("users"."id" = 6) LIMIT 1[0m
Rendering template within layouts/default2
Rendering orders/new
Rendered article/_article_new (1.6ms)

ActionView::TemplateError (can't convert nil into String) on line #55 of app/views/layouts/default2.html.erb:
52: 			<div id="navigation">
53: 				<ul id="second-menu">
54: 					<% if user_signed_in?%>
55: 						<li><%=link_to (decrypt_role(current_user.role)+' '+current_user.name, edit_user_registration_path)%></li>
56: 						<li><%=link_to "Новый заказ", :controller=>'orders', :action=>'new'%></li>
57: 						<li><%=link_to "Мои заказы", :controller=>'orders'%></li>
58: 						<li><%=link_to "Выйти", destroy_user_session_path, :method=>"GET"%></li>

    app/views/layouts/default2.html.erb:55
    app/controllers/orders_controller.rb:77:in `new'
    warden (0.9.5) [v] lib/warden/manager.rb:34:in `call'
    warden (0.9.5) [v] lib/warden/manager.rb:33:in `catch'
    warden (0.9.5) [v] lib/warden/manager.rb:33:in `call'

Rendered rescues/_trace (55.2ms)
Rendered rescues/_request_and_response (0.3ms)
Rendering rescues/layout (internal_server_error)


Processing AdminController#index (for 127.0.0.1 at 2010-03-14 22:28:35) [GET]
  Parameters: {"action"=>"index", "controller"=>"admin"}
  [4;36;1mUser Load (0.5ms)[0m   [0;1mSELECT * FROM "users" WHERE ("users"."id" = 6) LIMIT 1[0m
  [4;35;1mSQL (0.3ms)[0m   [0mSELECT count(*) AS count_all FROM "orders" [0m
  [4;36;1mOrder Load (9.3ms)[0m   [0;1mSELECT "orders".* FROM "orders" ORDER BY "orders"."id" ASC LIMIT 15 OFFSET 0[0m
Rendering template within layouts/admin
Rendering list
Rendered _list_header (3.9ms)
Rendered _list_column_headings (49.1ms)
Rendered _messages (1.0ms)
Rendered _list_actions (28.9ms)
Rendered _list_record (43.2ms)
Rendered _list_actions (3.6ms)
Rendered _list_record (83.2ms)
Rendered _list_actions (3.5ms)
Rendered _list_record (12.4ms)
Rendered _list_actions (3.8ms)
Rendered _list_record (11.4ms)
Rendered _list_actions (3.4ms)
Rendered _list_record (11.5ms)
Rendered _list (228.5ms)
  [4;35;1mSQL (0.3ms)[0m   [0m SELECT name
 FROM sqlite_master
 WHERE type = 'table' AND NOT name = 'sqlite_sequence'
[0m
Completed in 405ms (View: 355, DB: 10) | 200 OK [http://localhost/admin/]


Processing ApplicationController#index (for 127.0.0.1 at 2010-03-14 22:28:36) [GET]

ActionController::RoutingError (No route matches "/stylesheets/activescaffold.css" with {:method=>:get}):
  warden (0.9.5) [v] lib/warden/manager.rb:34:in `call'
  warden (0.9.5) [v] lib/warden/manager.rb:33:in `catch'
  warden (0.9.5) [v] lib/warden/manager.rb:33:in `call'

Rendering rescues/layout (not_found)


Processing Admin::UserController#index (for 127.0.0.1 at 2010-03-14 22:28:40) [GET]
  Parameters: {"action"=>"index", "controller"=>"admin/user"}
  [4;36;1mUser Load (0.5ms)[0m   [0;1mSELECT * FROM "users" WHERE ("users"."id" = 6) LIMIT 1[0m
  [4;35;1mSQL (0.2ms)[0m   [0mSELECT count(*) AS count_all FROM "users" [0m
  [4;36;1mUser Load (71.4ms)[0m   [0;1mSELECT "users".* FROM "users" ORDER BY "users"."role" ASC LIMIT 15 OFFSET 0[0m
Rendering list
Rendered _list_header (3.9ms)
Rendered _list_column_headings (32.5ms)
Rendered _messages (0.8ms)
Rendered _list_actions (4.4ms)
Rendered _list_record (14.8ms)
Rendered _list_actions (3.4ms)
Rendered _list_record (8.3ms)
Rendered _list_actions (3.6ms)
Rendered _list_record (8.7ms)
Rendered _list_actions (3.4ms)
Rendered _list_record (8.5ms)
Rendered _list_actions (3.9ms)
Rendered _list_record (8.6ms)
Rendered _list_actions (3.5ms)
Rendered _list_record (8.4ms)
Rendered _list (107.2ms)
  [4;35;1mSQL (0.3ms)[0m   [0m SELECT name
 FROM sqlite_master
 WHERE type = 'table' AND NOT name = 'sqlite_sequence'
[0m
Completed in 321ms (View: 143, DB: 72) | 200 OK [http://localhost/admin/user]


Processing Admin::UserController#edit (for 127.0.0.1 at 2010-03-14 22:28:49) [GET]
  Parameters: {"action"=>"edit", "_method"=>"get", "id"=>"6", "controller"=>"admin/user"}
  [4;36;1mUser Load (53.9ms)[0m   [0;1mSELECT * FROM "users" WHERE ("users"."id" = 6) LIMIT 1[0m
  [4;35;1mUser Load (0.6ms)[0m   [0mSELECT * FROM "users" WHERE ("users"."id" = 6) [0m
Rendering update
Rendered _messages (0.8ms)
Rendered _form_messages (5.2ms)
Rendered _form_attribute (1.9ms)
Rendered _form_attribute (7.4ms)
Rendered _form_attribute (1.0ms)
Rendered _form_attribute (6.9ms)
Rendered _form_attribute (8.1ms)
Rendered _form_attribute (1.1ms)
Rendered _form_attribute (0.9ms)
Rendered _form_attribute (1.1ms)
Rendered _form_attribute (0.8ms)
Rendered _form_attribute (7.2ms)
Rendered _form_attribute (1.3ms)
Rendered _form_attribute (0.9ms)
Rendered _form_attribute (0.8ms)
Rendered _form_attribute (1.0ms)
Rendered _form_attribute (0.8ms)
Rendered _form_attribute (7.4ms)
Rendered _form_attribute (1.0ms)
Rendered _form_attribute (1.0ms)
Rendered _form_attribute (0.9ms)
Rendered _form (144.8ms)
Rendered _update_form (163.8ms)
  [4;36;1mSQL (0.3ms)[0m   [0;1m SELECT name
 FROM sqlite_master
 WHERE type = 'table' AND NOT name = 'sqlite_sequence'
[0m
Completed in 272ms (View: 196, DB: 55) | 200 OK [http://localhost/admin/user/edit/6?_method=get]


Processing ArticleController#index (for 127.0.0.1 at 2010-03-15 02:58:30) [GET]
  Parameters: {"action"=>"index", "controller"=>"article"}
Rendering template within layouts/default2
Rendering article/index
Rendered article/_article_new (4.0ms)
  [4;36;1mUser Load (47.5ms)[0m   [0;1mSELECT * FROM "users" WHERE ("users"."id" = '1') LIMIT 1[0m
Completed in 384ms (View: 326, DB: 48) | 200 OK [http://localhost/]


Processing RegistrationsController#new (for 127.0.0.1 at 2010-03-15 02:58:33) [GET]
  Parameters: {"action"=>"new", "controller"=>"registrations"}
Rendering template within layouts/default2
Rendering registrations/new

ActionView::TemplateError (undefined method `address' for #<User:0x103488c40>) on line #32 of app/views/registrations/new.html.erb:
29: 	    </li>
30: 	    <li>
31: 	      <label for="address">Адрес<em>*</em></label>
32: 	      <%= f.text_field :address %>
33: 	    </li>
34: 	    <li>
35: 	      <label for="postCode">Почтовый индекс</label>

    app/views/registrations/new.html.erb:32
    app/views/registrations/new.html.erb:3
    devise (1.0.3) [v] lib/devise/controllers/internal_helpers.rb:123:in `render_with_scope'
    devise (1.0.3) [v] app/controllers/registrations_controller.rb:10:in `new'
    warden (0.9.5) [v] lib/warden/manager.rb:34:in `call'
    warden (0.9.5) [v] lib/warden/manager.rb:33:in `catch'
    warden (0.9.5) [v] lib/warden/manager.rb:33:in `call'

Rendered rescues/_trace (135.8ms)
Rendered rescues/_request_and_response (23.4ms)
Rendering rescues/layout (internal_server_error)


Processing RegistrationsController#new (for 127.0.0.1 at 2010-03-15 03:01:50) [GET]
  Parameters: {"action"=>"new", "controller"=>"registrations"}
Rendering template within layouts/default2
Rendering registrations/new
Rendered shared/_devise_links (29.8ms)
Rendered article/_article_new (1.4ms)
  [4;35;1mUser Load (8.6ms)[0m   [0mSELECT * FROM "users" WHERE ("users"."id" = '1') LIMIT 1[0m
Completed in 106ms (View: 68, DB: 9) | 200 OK [http://localhost/users/sign_up]


Processing ApplicationController#index (for 127.0.0.1 at 2010-03-15 03:01:50) [GET]

ActionController::RoutingError (No route matches "/users/images/favicon.ico" with {:method=>:get}):
  warden (0.9.5) [v] lib/warden/manager.rb:34:in `call'
  warden (0.9.5) [v] lib/warden/manager.rb:33:in `catch'
  warden (0.9.5) [v] lib/warden/manager.rb:33:in `call'

Rendering rescues/layout (not_found)
  [4;36;1mSQL (21.8ms)[0m   [0;1m SELECT name
 FROM sqlite_master
 WHERE type = 'table' AND NOT name = 'sqlite_sequence'
[0m
  [4;35;1mSQL (0.5ms)[0m   [0mSELECT version FROM schema_migrations[0m
Migrating to DeviseCreateUsers (20100301002225)
Migrating to CreateOrders (20100309104354)
Migrating to AddColumnsToOrders (20100309104617)
Migrating to AddRolesToUsers (20100310102826)
Migrating to AddDefault (20100310131412)
Migrating to ChangeUseridToInt (20100310145133)
Migrating to AddCycleToOrders (20100311081340)
Migrating to AddDetailsToUsers (20100311140621)
  [4;36;1mSQL (0.2ms)[0m   [0;1mselect sqlite_version(*)[0m
  [4;35;1mSQL (0.2ms)[0m   [0m SELECT name
 FROM sqlite_master
 WHERE type = 'table' AND NOT name = 'sqlite_sequence'
[0m
  [4;36;1mSQL (0.3ms)[0m   [0;1mSELECT version FROM schema_migrations[0m
  [4;35;1mSQL (0.3ms)[0m   [0m SELECT name
 FROM sqlite_master
 WHERE type = 'table' AND NOT name = 'sqlite_sequence'
[0m
  [4;36;1mSQL (0.0ms)[0m   [0;1mPRAGMA index_list("orders")[0m
  [4;35;1mSQL (0.2ms)[0m   [0mPRAGMA index_list("users")[0m
  [4;36;1mSQL (0.1ms)[0m   [0;1mPRAGMA index_info('index_users_on_reset_password_token')[0m
  [4;35;1mSQL (0.1ms)[0m   [0mPRAGMA index_info('index_users_on_confirmation_token')[0m
  [4;36;1mSQL (0.1ms)[0m   [0;1mPRAGMA index_info('index_users_on_email')[0m


Processing RegistrationsController#new (for 127.0.0.1 at 2010-03-15 03:07:01) [GET]
  Parameters: {"action"=>"new", "controller"=>"registrations"}
Rendering template within layouts/default2
Rendering registrations/new

ActionView::TemplateError (undefined method `address' for #<User:0x1033018e0>) on line #32 of app/views/registrations/new.html.erb:
29: 	    </li>
30: 	    <li>
31: 	      <label for="address">Адрес<em>*</em></label>
32: 	      <%= f.text_field :address %>
33: 	    </li>
34: 	    <li>
35: 	      <label for="postCode">Почтовый индекс</label>

    app/views/registrations/new.html.erb:32
    app/views/registrations/new.html.erb:3
    devise (1.0.3) [v] lib/devise/controllers/internal_helpers.rb:123:in `render_with_scope'
    devise (1.0.3) [v] app/controllers/registrations_controller.rb:10:in `new'
    warden (0.9.5) [v] lib/warden/manager.rb:34:in `call'
    warden (0.9.5) [v] lib/warden/manager.rb:33:in `catch'
    warden (0.9.5) [v] lib/warden/manager.rb:33:in `call'

Rendered rescues/_trace (68.5ms)
Rendered rescues/_request_and_response (1.6ms)
Rendering rescues/layout (internal_server_error)


Processing RegistrationsController#new (for 127.0.0.1 at 2010-03-15 03:09:42) [GET]
  Parameters: {"action"=>"new", "controller"=>"registrations"}
Rendering template within layouts/default2
Rendering registrations/new

ActionView::TemplateError (undefined method `address' for #<User:0x103214568>) on line #32 of app/views/registrations/new.html.erb:
29: 	    </li>
30: 	    <li>
31: 	      <label for="address">Адрес<em>*</em></label>
32: 	      <%= f.text_field :address %>
33: 	    </li>
34: 	    <li>
35: 	      <label for="postCode">Почтовый индекс</label>

    app/views/registrations/new.html.erb:32
    app/views/registrations/new.html.erb:3
    devise (1.0.3) [v] lib/devise/controllers/internal_helpers.rb:123:in `render_with_scope'
    devise (1.0.3) [v] app/controllers/registrations_controller.rb:10:in `new'
    warden (0.9.5) [v] lib/warden/manager.rb:34:in `call'
    warden (0.9.5) [v] lib/warden/manager.rb:33:in `catch'
    warden (0.9.5) [v] lib/warden/manager.rb:33:in `call'

Rendered rescues/_trace (59.3ms)
Rendered rescues/_request_and_response (0.3ms)
Rendering rescues/layout (internal_server_error)


Processing RegistrationsController#new (for 127.0.0.1 at 2010-03-15 03:09:43) [GET]
  Parameters: {"action"=>"new", "controller"=>"registrations"}
Rendering template within layouts/default2
Rendering registrations/new

ActionView::TemplateError (undefined method `address' for #<User:0x103313388>) on line #32 of app/views/registrations/new.html.erb:
29: 	    </li>
30: 	    <li>
31: 	      <label for="address">Адрес<em>*</em></label>
32: 	      <%= f.text_field :address %>
33: 	    </li>
34: 	    <li>
35: 	      <label for="postCode">Почтовый индекс</label>

    app/views/registrations/new.html.erb:32
    app/views/registrations/new.html.erb:3
    devise (1.0.3) [v] lib/devise/controllers/internal_helpers.rb:123:in `render_with_scope'
    devise (1.0.3) [v] app/controllers/registrations_controller.rb:10:in `new'
    warden (0.9.5) [v] lib/warden/manager.rb:34:in `call'
    warden (0.9.5) [v] lib/warden/manager.rb:33:in `catch'
    warden (0.9.5) [v] lib/warden/manager.rb:33:in `call'

Rendered rescues/_trace (127.7ms)
Rendered rescues/_request_and_response (0.3ms)
Rendering rescues/layout (internal_server_error)


Processing RegistrationsController#new (for 127.0.0.1 at 2010-03-15 03:10:46) [GET]
  Parameters: {"action"=>"new", "controller"=>"registrations"}
Rendering template within layouts/default2
Rendering registrations/new

ActionView::TemplateError (undefined method `address' for #<User:0x103301958>) on line #32 of app/views/registrations/new.html.erb:
29: 	    </li>
30: 	    <li>
31: 	      <label for="address">Адрес<em>*</em></label>
32: 	      <%= f.text_field :address %>
33: 	    </li>
34: 	    <li>
35: 	      <label for="postCode">Почтовый индекс</label>

    app/views/registrations/new.html.erb:32
    app/views/registrations/new.html.erb:3
    devise (1.0.3) [v] lib/devise/controllers/internal_helpers.rb:123:in `render_with_scope'
    devise (1.0.3) [v] app/controllers/registrations_controller.rb:10:in `new'
    warden (0.9.5) [v] lib/warden/manager.rb:34:in `call'
    warden (0.9.5) [v] lib/warden/manager.rb:33:in `catch'
    warden (0.9.5) [v] lib/warden/manager.rb:33:in `call'

Rendered rescues/_trace (62.7ms)
Rendered rescues/_request_and_response (1.2ms)
Rendering rescues/layout (internal_server_error)


Processing RegistrationsController#new (for 127.0.0.1 at 2010-03-15 03:10:47) [GET]
  Parameters: {"action"=>"new", "controller"=>"registrations"}
Rendering template within layouts/default2
Rendering registrations/new

ActionView::TemplateError (undefined method `address' for #<User:0x103214590>) on line #32 of app/views/registrations/new.html.erb:
29: 	    </li>
30: 	    <li>
31: 	      <label for="address">Адрес<em>*</em></label>
32: 	      <%= f.text_field :address %>
33: 	    </li>
34: 	    <li>
35: 	      <label for="postCode">Почтовый индекс</label>

    app/views/registrations/new.html.erb:32
    app/views/registrations/new.html.erb:3
    devise (1.0.3) [v] lib/devise/controllers/internal_helpers.rb:123:in `render_with_scope'
    devise (1.0.3) [v] app/controllers/registrations_controller.rb:10:in `new'
    warden (0.9.5) [v] lib/warden/manager.rb:34:in `call'
    warden (0.9.5) [v] lib/warden/manager.rb:33:in `catch'
    warden (0.9.5) [v] lib/warden/manager.rb:33:in `call'

Rendered rescues/_trace (58.6ms)
Rendered rescues/_request_and_response (0.3ms)
Rendering rescues/layout (internal_server_error)


Processing RegistrationsController#new (for 127.0.0.1 at 2010-03-15 03:10:48) [GET]
  Parameters: {"action"=>"new", "controller"=>"registrations"}
Rendering template within layouts/default2
Rendering registrations/new

ActionView::TemplateError (undefined method `address' for #<User:0x103313400>) on line #32 of app/views/registrations/new.html.erb:
29: 	    </li>
30: 	    <li>
31: 	      <label for="address">Адрес<em>*</em></label>
32: 	      <%= f.text_field :address %>
33: 	    </li>
34: 	    <li>
35: 	      <label for="postCode">Почтовый индекс</label>

    app/views/registrations/new.html.erb:32
    app/views/registrations/new.html.erb:3
    devise (1.0.3) [v] lib/devise/controllers/internal_helpers.rb:123:in `render_with_scope'
    devise (1.0.3) [v] app/controllers/registrations_controller.rb:10:in `new'
    warden (0.9.5) [v] lib/warden/manager.rb:34:in `call'
    warden (0.9.5) [v] lib/warden/manager.rb:33:in `catch'
    warden (0.9.5) [v] lib/warden/manager.rb:33:in `call'

Rendered rescues/_trace (130.1ms)
Rendered rescues/_request_and_response (0.3ms)
Rendering rescues/layout (internal_server_error)


Processing RegistrationsController#new (for 127.0.0.1 at 2010-03-15 03:10:49) [GET]
  Parameters: {"action"=>"new", "controller"=>"registrations"}
Rendering template within layouts/default2
Rendering registrations/new

ActionView::TemplateError (undefined method `address' for #<User:0x1033e0860>) on line #32 of app/views/registrations/new.html.erb:
29: 	    </li>
30: 	    <li>
31: 	      <label for="address">Адрес<em>*</em></label>
32: 	      <%= f.text_field :address %>
33: 	    </li>
34: 	    <li>
35: 	      <label for="postCode">Почтовый индекс</label>

    app/views/registrations/new.html.erb:32
    app/views/registrations/new.html.erb:3
    devise (1.0.3) [v] lib/devise/controllers/internal_helpers.rb:123:in `render_with_scope'
    devise (1.0.3) [v] app/controllers/registrations_controller.rb:10:in `new'
    warden (0.9.5) [v] lib/warden/manager.rb:34:in `call'
    warden (0.9.5) [v] lib/warden/manager.rb:33:in `catch'
    warden (0.9.5) [v] lib/warden/manager.rb:33:in `call'

Rendered rescues/_trace (128.6ms)
Rendered rescues/_request_and_response (0.3ms)
Rendering rescues/layout (internal_server_error)


Processing RegistrationsController#new (for 127.0.0.1 at 2010-03-15 03:10:49) [GET]
  Parameters: {"action"=>"new", "controller"=>"registrations"}
Rendering template within layouts/default2
Rendering registrations/new

ActionView::TemplateError (undefined method `address' for #<User:0x103484c58>) on line #32 of app/views/registrations/new.html.erb:
29: 	    </li>
30: 	    <li>
31: 	      <label for="address">Адрес<em>*</em></label>
32: 	      <%= f.text_field :address %>
33: 	    </li>
34: 	    <li>
35: 	      <label for="postCode">Почтовый индекс</label>

    app/views/registrations/new.html.erb:32
    app/views/registrations/new.html.erb:3
    devise (1.0.3) [v] lib/devise/controllers/internal_helpers.rb:123:in `render_with_scope'
    devise (1.0.3) [v] app/controllers/registrations_controller.rb:10:in `new'
    warden (0.9.5) [v] lib/warden/manager.rb:34:in `call'
    warden (0.9.5) [v] lib/warden/manager.rb:33:in `catch'
    warden (0.9.5) [v] lib/warden/manager.rb:33:in `call'

Rendered rescues/_trace (129.0ms)
Rendered rescues/_request_and_response (0.3ms)
Rendering rescues/layout (internal_server_error)


Processing RegistrationsController#new (for 127.0.0.1 at 2010-03-15 03:10:50) [GET]
  Parameters: {"action"=>"new", "controller"=>"registrations"}
Rendering template within layouts/default2
Rendering registrations/new

ActionView::TemplateError (undefined method `address' for #<User:0x10353a2d8>) on line #32 of app/views/registrations/new.html.erb:
29: 	    </li>
30: 	    <li>
31: 	      <label for="address">Адрес<em>*</em></label>
32: 	      <%= f.text_field :address %>
33: 	    </li>
34: 	    <li>
35: 	      <label for="postCode">Почтовый индекс</label>

    app/views/registrations/new.html.erb:32
    app/views/registrations/new.html.erb:3
    devise (1.0.3) [v] lib/devise/controllers/internal_helpers.rb:123:in `render_with_scope'
    devise (1.0.3) [v] app/controllers/registrations_controller.rb:10:in `new'
    warden (0.9.5) [v] lib/warden/manager.rb:34:in `call'
    warden (0.9.5) [v] lib/warden/manager.rb:33:in `catch'
    warden (0.9.5) [v] lib/warden/manager.rb:33:in `call'

Rendered rescues/_trace (128.9ms)
Rendered rescues/_request_and_response (0.3ms)
Rendering rescues/layout (internal_server_error)
  [4;36;1mSQL (0.2ms)[0m   [0;1m SELECT name
 FROM sqlite_master
 WHERE type = 'table' AND NOT name = 'sqlite_sequence'
[0m
  [4;35;1mSQL (0.1ms)[0m   [0mselect sqlite_version(*)[0m
  [4;36;1mSQL (11.9ms)[0m   [0;1mCREATE TABLE "schema_migrations" ("version" varchar(255) NOT NULL) [0m
  [4;35;1mSQL (6.2ms)[0m   [0mCREATE UNIQUE INDEX "unique_schema_migrations" ON "schema_migrations" ("version")[0m
  [4;36;1mSQL (0.4ms)[0m   [0;1m SELECT name
 FROM sqlite_master
 WHERE type = 'table' AND NOT name = 'sqlite_sequence'
[0m
  [4;35;1mSQL (0.2ms)[0m   [0mSELECT version FROM schema_migrations[0m
Migrating to DeviseCreateUsers (20100301002225)
  [4;36;1mSQL (0.8ms)[0m   [0;1mCREATE TABLE "users" ("id" INTEGER PRIMARY KEY AUTOINCREMENT NOT NULL, "email" varchar(255) NOT NULL, "encrypted_password" varchar(40) NOT NULL, "password_salt" varchar(255) NOT NULL, "confirmation_token" varchar(20), "confirmed_at" datetime, "confirmation_sent_at" datetime, "reset_password_token" varchar(20), "remember_token" varchar(20), "remember_created_at" datetime, "sign_in_count" integer, "current_sign_in_at" datetime, "last_sign_in_at" datetime, "current_sign_in_ip" varchar(255), "last_sign_in_ip" varchar(255), "created_at" datetime, "updated_at" datetime) [0m
  [4;35;1mSQL (0.7ms)[0m   [0mCREATE UNIQUE INDEX "index_users_on_email" ON "users" ("email")[0m
  [4;36;1mSQL (0.3ms)[0m   [0;1mCREATE UNIQUE INDEX "index_users_on_confirmation_token" ON "users" ("confirmation_token")[0m
  [4;35;1mSQL (0.3ms)[0m   [0mCREATE UNIQUE INDEX "index_users_on_reset_password_token" ON "users" ("reset_password_token")[0m
  [4;36;1mSQL (0.1ms)[0m   [0;1mINSERT INTO schema_migrations (version) VALUES ('20100301002225')[0m
Migrating to CreateOrders (20100309104354)
  [4;35;1mSQL (0.5ms)[0m   [0mCREATE TABLE "orders" ("id" INTEGER PRIMARY KEY AUTOINCREMENT NOT NULL, "created_at" datetime, "updated_at" datetime) [0m
  [4;36;1mSQL (0.2ms)[0m   [0;1mINSERT INTO schema_migrations (version) VALUES ('20100309104354')[0m
Migrating to AddColumnsToOrders (20100309104617)
  [4;35;1mSQL (0.9ms)[0m   [0mALTER TABLE "orders" ADD "title" varchar(255)[0m
  [4;36;1mSQL (0.2ms)[0m   [0;1mALTER TABLE "orders" ADD "link" varchar(255)[0m
  [4;35;1mSQL (0.3ms)[0m   [0mALTER TABLE "orders" ADD "notes" text[0m
  [4;36;1mSQL (0.3ms)[0m   [0;1mALTER TABLE "orders" ADD "amount" int DEFAULT 1[0m
  [4;35;1mSQL (0.2ms)[0m   [0mALTER TABLE "orders" ADD "vars" text[0m
  [4;36;1mSQL (0.2ms)[0m   [0;1mALTER TABLE "orders" ADD "userid" varchar(255)[0m
  [4;35;1mSQL (0.2ms)[0m   [0mALTER TABLE "orders" ADD "status" int[0m
  [4;36;1mSQL (0.2ms)[0m   [0;1mALTER TABLE "orders" ADD "cost1" decimal(9,2)[0m
  [4;35;1mSQL (0.2ms)[0m   [0mALTER TABLE "orders" ADD "cost2" decimal(9,2)[0m
  [4;36;1mSQL (0.2ms)[0m   [0;1mALTER TABLE "orders" ADD "cost3" decimal(9,2)[0m
  [4;35;1mSQL (0.2ms)[0m   [0mALTER TABLE "orders" ADD "realCost1" decimal(9,2)[0m
  [4;36;1mSQL (0.2ms)[0m   [0;1mALTER TABLE "orders" ADD "realCost2" decimal(9,2)[0m
  [4;35;1mSQL (0.2ms)[0m   [0mALTER TABLE "orders" ADD "realCost3" decimal(9,2)[0m
  [4;36;1mSQL (0.1ms)[0m   [0;1mINSERT INTO schema_migrations (version) VALUES ('20100309104617')[0m
Migrating to AddRolesToUsers (20100310102826)
  [4;35;1mSQL (0.5ms)[0m   [0mALTER TABLE "users" ADD "role" int DEFAULT 0[0m
  [4;36;1mSQL (0.1ms)[0m   [0;1mINSERT INTO schema_migrations (version) VALUES ('20100310102826')[0m
Migrating to AddDefault (20100310131412)
  [4;35;1mSQL (0.8ms)[0m   [0mCREATE TEMPORARY TABLE "altered_orders" ("id" INTEGER PRIMARY KEY AUTOINCREMENT NOT NULL, "created_at" datetime, "updated_at" datetime, "title" varchar(255), "link" varchar(255), "notes" text, "amount" integer DEFAULT 1, "vars" text, "userid" varchar(255), "status" integer, "cost1" decimal, "cost2" decimal, "cost3" decimal, "realCost1" decimal, "realCost2" decimal, "realCost3" decimal) [0m
  [4;36;1mSQL (0.1ms)[0m   [0;1mPRAGMA index_list("orders")[0m
  [4;35;1mSQL (0.5ms)[0m   [0mDROP TABLE "orders"[0m
  [4;36;1mSQL (0.2ms)[0m   [0;1mCREATE TABLE "orders" ("id" INTEGER PRIMARY KEY AUTOINCREMENT NOT NULL, "created_at" datetime, "updated_at" datetime, "title" varchar(255), "link" varchar(255), "notes" text, "amount" integer DEFAULT 1, "vars" text, "userid" varchar(255), "status" integer, "cost1" decimal DEFAULT 0, "cost2" decimal, "cost3" decimal, "realCost1" decimal, "realCost2" decimal, "realCost3" decimal) [0m
  [4;35;1mSQL (0.0ms)[0m   [0mPRAGMA index_list("altered_orders")[0m
  [4;36;1mSQL (0.4ms)[0m   [0;1mDROP TABLE "altered_orders"[0m
  [4;35;1mSQL (0.4ms)[0m   [0mCREATE TEMPORARY TABLE "altered_orders" ("id" INTEGER PRIMARY KEY AUTOINCREMENT NOT NULL, "created_at" datetime, "updated_at" datetime, "title" varchar(255), "link" varchar(255), "notes" text, "amount" integer DEFAULT 1, "vars" text, "userid" varchar(255), "status" integer, "cost1" decimal DEFAULT 0.0, "cost2" decimal, "cost3" decimal, "realCost1" decimal, "realCost2" decimal, "realCost3" decimal) [0m
  [4;36;1mSQL (0.1ms)[0m   [0;1mPRAGMA index_list("orders")[0m
  [4;35;1mSQL (0.2ms)[0m   [0mDROP TABLE "orders"[0m
  [4;36;1mSQL (0.4ms)[0m   [0;1mCREATE TABLE "orders" ("id" INTEGER PRIMARY KEY AUTOINCREMENT NOT NULL, "created_at" datetime, "updated_at" datetime, "title" varchar(255), "link" varchar(255), "notes" text, "amount" integer DEFAULT 1, "vars" text, "userid" varchar(255), "status" integer, "cost1" decimal DEFAULT 0.0, "cost2" decimal DEFAULT 0, "cost3" decimal, "realCost1" decimal, "realCost2" decimal, "realCost3" decimal) [0m
  [4;35;1mSQL (0.1ms)[0m   [0mPRAGMA index_list("altered_orders")[0m
  [4;36;1mSQL (0.2ms)[0m   [0;1mDROP TABLE "altered_orders"[0m
  [4;35;1mSQL (0.3ms)[0m   [0mCREATE TEMPORARY TABLE "altered_orders" ("id" INTEGER PRIMARY KEY AUTOINCREMENT NOT NULL, "created_at" datetime, "updated_at" datetime, "title" varchar(255), "link" varchar(255), "notes" text, "amount" integer DEFAULT 1, "vars" text, "userid" varchar(255), "status" integer, "cost1" decimal DEFAULT 0.0, "cost2" decimal DEFAULT 0.0, "cost3" decimal, "realCost1" decimal, "realCost2" decimal, "realCost3" decimal) [0m
  [4;36;1mSQL (0.0ms)[0m   [0;1mPRAGMA index_list("orders")[0m
  [4;35;1mSQL (0.3ms)[0m   [0mDROP TABLE "orders"[0m
  [4;36;1mSQL (0.3ms)[0m   [0;1mCREATE TABLE "orders" ("id" INTEGER PRIMARY KEY AUTOINCREMENT NOT NULL, "created_at" datetime, "updated_at" datetime, "title" varchar(255), "link" varchar(255), "notes" text, "amount" integer DEFAULT 1, "vars" text, "userid" varchar(255), "status" integer, "cost1" decimal DEFAULT 0.0, "cost2" decimal DEFAULT 0.0, "cost3" decimal DEFAULT 0, "realCost1" decimal, "realCost2" decimal, "realCost3" decimal) [0m
  [4;35;1mSQL (0.1ms)[0m   [0mPRAGMA index_list("altered_orders")[0m
  [4;36;1mSQL (0.2ms)[0m   [0;1mDROP TABLE "altered_orders"[0m
  [4;35;1mSQL (0.2ms)[0m   [0mCREATE TEMPORARY TABLE "altered_orders" ("id" INTEGER PRIMARY KEY AUTOINCREMENT NOT NULL, "created_at" datetime, "updated_at" datetime, "title" varchar(255), "link" varchar(255), "notes" text, "amount" integer DEFAULT 1, "vars" text, "userid" varchar(255), "status" integer, "cost1" decimal DEFAULT 0.0, "cost2" decimal DEFAULT 0.0, "cost3" decimal DEFAULT 0.0, "realCost1" decimal, "realCost2" decimal, "realCost3" decimal) [0m
  [4;36;1mSQL (0.0ms)[0m   [0;1mPRAGMA index_list("orders")[0m
  [4;35;1mSQL (0.2ms)[0m   [0mDROP TABLE "orders"[0m
  [4;36;1mSQL (0.3ms)[0m   [0;1mCREATE TABLE "orders" ("id" INTEGER PRIMARY KEY AUTOINCREMENT NOT NULL, "created_at" datetime, "updated_at" datetime, "title" varchar(255), "link" varchar(255), "notes" text, "amount" integer DEFAULT 1, "vars" text, "userid" varchar(255), "status" integer, "cost1" decimal DEFAULT 0.0, "cost2" decimal DEFAULT 0.0, "cost3" decimal DEFAULT 0.0, "realCost1" decimal DEFAULT 0, "realCost2" decimal, "realCost3" decimal) [0m
  [4;35;1mSQL (0.1ms)[0m   [0mPRAGMA index_list("altered_orders")[0m
  [4;36;1mSQL (0.2ms)[0m   [0;1mDROP TABLE "altered_orders"[0m
  [4;35;1mSQL (0.5ms)[0m   [0mCREATE TEMPORARY TABLE "altered_orders" ("id" INTEGER PRIMARY KEY AUTOINCREMENT NOT NULL, "created_at" datetime, "updated_at" datetime, "title" varchar(255), "link" varchar(255), "notes" text, "amount" integer DEFAULT 1, "vars" text, "userid" varchar(255), "status" integer, "cost1" decimal DEFAULT 0.0, "cost2" decimal DEFAULT 0.0, "cost3" decimal DEFAULT 0.0, "realCost1" decimal DEFAULT 0.0, "realCost2" decimal, "realCost3" decimal) [0m
  [4;36;1mSQL (0.1ms)[0m   [0;1mPRAGMA index_list("orders")[0m
  [4;35;1mSQL (0.3ms)[0m   [0mDROP TABLE "orders"[0m
  [4;36;1mSQL (0.3ms)[0m   [0;1mCREATE TABLE "orders" ("id" INTEGER PRIMARY KEY AUTOINCREMENT NOT NULL, "created_at" datetime, "updated_at" datetime, "title" varchar(255), "link" varchar(255), "notes" text, "amount" integer DEFAULT 1, "vars" text, "userid" varchar(255), "status" integer, "cost1" decimal DEFAULT 0.0, "cost2" decimal DEFAULT 0.0, "cost3" decimal DEFAULT 0.0, "realCost1" decimal DEFAULT 0.0, "realCost2" decimal DEFAULT 0, "realCost3" decimal) [0m
  [4;35;1mSQL (0.0ms)[0m   [0mPRAGMA index_list("altered_orders")[0m
  [4;36;1mSQL (0.2ms)[0m   [0;1mDROP TABLE "altered_orders"[0m
  [4;35;1mSQL (0.3ms)[0m   [0mCREATE TEMPORARY TABLE "altered_orders" ("id" INTEGER PRIMARY KEY AUTOINCREMENT NOT NULL, "created_at" datetime, "updated_at" datetime, "title" varchar(255), "link" varchar(255), "notes" text, "amount" integer DEFAULT 1, "vars" text, "userid" varchar(255), "status" integer, "cost1" decimal DEFAULT 0.0, "cost2" decimal DEFAULT 0.0, "cost3" decimal DEFAULT 0.0, "realCost1" decimal DEFAULT 0.0, "realCost2" decimal DEFAULT 0.0, "realCost3" decimal) [0m
  [4;36;1mSQL (0.0ms)[0m   [0;1mPRAGMA index_list("orders")[0m
  [4;35;1mSQL (0.2ms)[0m   [0mDROP TABLE "orders"[0m
  [4;36;1mSQL (0.3ms)[0m   [0;1mCREATE TABLE "orders" ("id" INTEGER PRIMARY KEY AUTOINCREMENT NOT NULL, "created_at" datetime, "updated_at" datetime, "title" varchar(255), "link" varchar(255), "notes" text, "amount" integer DEFAULT 1, "vars" text, "userid" varchar(255), "status" integer, "cost1" decimal DEFAULT 0.0, "cost2" decimal DEFAULT 0.0, "cost3" decimal DEFAULT 0.0, "realCost1" decimal DEFAULT 0.0, "realCost2" decimal DEFAULT 0.0, "realCost3" decimal DEFAULT 0) [0m
  [4;35;1mSQL (0.0ms)[0m   [0mPRAGMA index_list("altered_orders")[0m
  [4;36;1mSQL (0.3ms)[0m   [0;1mDROP TABLE "altered_orders"[0m
  [4;35;1mSQL (0.1ms)[0m   [0mINSERT INTO schema_migrations (version) VALUES ('20100310131412')[0m
Migrating to ChangeUseridToInt (20100310145133)
  [4;36;1mSQL (0.4ms)[0m   [0;1mCREATE TEMPORARY TABLE "altered_orders" ("id" INTEGER PRIMARY KEY AUTOINCREMENT NOT NULL, "created_at" datetime, "updated_at" datetime, "title" varchar(255), "link" varchar(255), "notes" text, "amount" integer DEFAULT 1, "vars" text, "userid" varchar(255), "status" integer, "cost1" decimal DEFAULT 0.0, "cost2" decimal DEFAULT 0.0, "cost3" decimal DEFAULT 0.0, "realCost1" decimal DEFAULT 0.0, "realCost2" decimal DEFAULT 0.0, "realCost3" decimal DEFAULT 0.0) [0m
  [4;35;1mSQL (0.0ms)[0m   [0mPRAGMA index_list("orders")[0m
  [4;36;1mSQL (0.5ms)[0m   [0;1mDROP TABLE "orders"[0m
  [4;35;1mSQL (0.4ms)[0m   [0mCREATE TABLE "orders" ("id" INTEGER PRIMARY KEY AUTOINCREMENT NOT NULL, "created_at" datetime, "updated_at" datetime, "title" varchar(255), "link" varchar(255), "notes" text, "amount" integer DEFAULT 1, "vars" text, "userid" int, "status" integer, "cost1" decimal DEFAULT 0.0, "cost2" decimal DEFAULT 0.0, "cost3" decimal DEFAULT 0.0, "realCost1" decimal DEFAULT 0.0, "realCost2" decimal DEFAULT 0.0, "realCost3" decimal DEFAULT 0.0) [0m
  [4;36;1mSQL (0.1ms)[0m   [0;1mPRAGMA index_list("altered_orders")[0m
  [4;35;1mSQL (0.2ms)[0m   [0mDROP TABLE "altered_orders"[0m
  [4;36;1mSQL (0.1ms)[0m   [0;1mINSERT INTO schema_migrations (version) VALUES ('20100310145133')[0m
Migrating to AddCycleToOrders (20100311081340)
  [4;35;1mSQL (0.6ms)[0m   [0mALTER TABLE "orders" ADD "cycle" int DEFAULT 0[0m
  [4;36;1mSQL (0.1ms)[0m   [0;1mINSERT INTO schema_migrations (version) VALUES ('20100311081340')[0m
Migrating to AddDetailsToUsers (20100311140621)
  [4;35;1mSQL (0.5ms)[0m   [0mALTER TABLE "users" ADD "name" varchar(255)[0m
  [4;36;1mSQL (0.2ms)[0m   [0;1mALTER TABLE "users" ADD "phone" varchar(255)[0m
  [4;35;1mSQL (0.2ms)[0m   [0mALTER TABLE "users" ADD "address" varchar(255)[0m
  [4;36;1mSQL (0.2ms)[0m   [0;1mALTER TABLE "users" ADD "postcode" varchar(255)[0m
  [4;35;1mSQL (0.1ms)[0m   [0mINSERT INTO schema_migrations (version) VALUES ('20100311140621')[0m
  [4;36;1mSQL (0.3ms)[0m   [0;1m SELECT name
 FROM sqlite_master
 WHERE type = 'table' AND NOT name = 'sqlite_sequence'
[0m
  [4;35;1mSQL (0.3ms)[0m   [0mSELECT version FROM schema_migrations[0m
  [4;36;1mSQL (0.2ms)[0m   [0;1m SELECT name
 FROM sqlite_master
 WHERE type = 'table' AND NOT name = 'sqlite_sequence'
[0m
  [4;35;1mSQL (0.0ms)[0m   [0mPRAGMA index_list("orders")[0m
  [4;36;1mSQL (0.2ms)[0m   [0;1mPRAGMA index_list("users")[0m
  [4;35;1mSQL (0.1ms)[0m   [0mPRAGMA index_info('index_users_on_reset_password_token')[0m
  [4;36;1mSQL (0.1ms)[0m   [0;1mPRAGMA index_info('index_users_on_confirmation_token')[0m
  [4;35;1mSQL (0.1ms)[0m   [0mPRAGMA index_info('index_users_on_email')[0m


Processing RegistrationsController#new (for 127.0.0.1 at 2010-03-15 03:15:37) [GET]
  Parameters: {"action"=>"new", "controller"=>"registrations"}
Rendering template within layouts/default2
Rendering registrations/new
Rendered shared/_devise_links (25.2ms)
Rendered article/_article_new (3.2ms)
  [4;36;1mUser Load (0.5ms)[0m   [0;1mSELECT * FROM "users" WHERE ("users"."id" = '1') LIMIT 1[0m
Completed in 289ms (View: 256, DB: 0) | 200 OK [http://localhost/users/sign_up]


Processing ApplicationController#index (for 127.0.0.1 at 2010-03-15 03:15:37) [GET]

ActionController::RoutingError (No route matches "/users/images/favicon.ico" with {:method=>:get}):
  warden (0.9.5) [v] lib/warden/manager.rb:34:in `call'
  warden (0.9.5) [v] lib/warden/manager.rb:33:in `catch'
  warden (0.9.5) [v] lib/warden/manager.rb:33:in `call'

Rendering rescues/layout (not_found)


Processing RegistrationsController#new (for 127.0.0.1 at 2010-03-15 03:15:38) [GET]
  Parameters: {"action"=>"new", "controller"=>"registrations"}
Rendering template within layouts/default2
Rendering registrations/new
Rendered shared/_devise_links (7.5ms)
Rendered article/_article_new (1.4ms)
  [4;35;1mUser Load (0.3ms)[0m   [0mSELECT * FROM "users" WHERE ("users"."id" = '1') LIMIT 1[0m
Completed in 37ms (View: 20, DB: 0) | 200 OK [http://localhost/users/sign_up]


Processing ApplicationController#index (for 127.0.0.1 at 2010-03-15 03:15:38) [GET]

ActionController::RoutingError (No route matches "/users/images/favicon.ico" with {:method=>:get}):
  warden (0.9.5) [v] lib/warden/manager.rb:34:in `call'
  warden (0.9.5) [v] lib/warden/manager.rb:33:in `catch'
  warden (0.9.5) [v] lib/warden/manager.rb:33:in `call'

Rendering rescues/layout (not_found)


Processing ApplicationController#index (for 127.0.0.1 at 2010-03-15 03:16:42) [GET]

ActionController::RoutingError (No route matches "/users/images/favicon.ico" with {:method=>:get}):
  warden (0.9.5) [v] lib/warden/manager.rb:34:in `call'
  warden (0.9.5) [v] lib/warden/manager.rb:33:in `catch'
  warden (0.9.5) [v] lib/warden/manager.rb:33:in `call'

Rendering rescues/layout (not_found)


Processing RegistrationsController#new (for 127.0.0.1 at 2010-03-15 03:19:44) [GET]
  Parameters: {"action"=>"new", "controller"=>"registrations"}
Rendering template within layouts/default2
Rendering registrations/new
Rendered shared/_devise_links (13.6ms)
Rendered article/_article_new (1.4ms)
  [4;36;1mUser Load (2.9ms)[0m   [0;1mSELECT * FROM "users" WHERE ("users"."id" = '1') LIMIT 1[0m
Completed in 78ms (View: 39, DB: 3) | 200 OK [http://localhost/users/sign_up]


Processing ApplicationController#index (for 127.0.0.1 at 2010-03-15 03:19:45) [GET]

ActionController::RoutingError (No route matches "/users/images/favicon.ico" with {:method=>:get}):
  warden (0.9.5) [v] lib/warden/manager.rb:34:in `call'
  warden (0.9.5) [v] lib/warden/manager.rb:33:in `catch'
  warden (0.9.5) [v] lib/warden/manager.rb:33:in `call'

Rendering rescues/layout (not_found)


Processing RegistrationsController#new (for 127.0.0.1 at 2010-03-15 03:19:46) [GET]
  Parameters: {"action"=>"new", "controller"=>"registrations"}
Rendering template within layouts/default2
Rendering registrations/new
Rendered shared/_devise_links (73.2ms)
Rendered article/_article_new (1.3ms)
  [4;35;1mUser Load (0.2ms)[0m   [0mSELECT * FROM "users" WHERE ("users"."id" = '1') LIMIT 1[0m
Completed in 102ms (View: 86, DB: 0) | 200 OK [http://localhost/users/sign_up]


Processing ApplicationController#index (for 127.0.0.1 at 2010-03-15 03:19:47) [GET]

ActionController::RoutingError (No route matches "/users/images/favicon.ico" with {:method=>:get}):
  warden (0.9.5) [v] lib/warden/manager.rb:34:in `call'
  warden (0.9.5) [v] lib/warden/manager.rb:33:in `catch'
  warden (0.9.5) [v] lib/warden/manager.rb:33:in `call'

Rendering rescues/layout (not_found)


Processing RegistrationsController#new (for 127.0.0.1 at 2010-03-15 03:21:48) [GET]
  Parameters: {"action"=>"new", "controller"=>"registrations"}
Rendering template within layouts/default2
Rendering registrations/new
Rendered shared/_devise_links (54.6ms)
Rendered article/_article_new (1.3ms)
  [4;36;1mUser Load (0.3ms)[0m   [0;1mSELECT * FROM "users" WHERE ("users"."id" = '1') LIMIT 1[0m
Completed in 150ms (View: 134, DB: 0) | 200 OK [http://localhost/users/sign_up]


Processing ApplicationController#index (for 127.0.0.1 at 2010-03-15 03:21:49) [GET]

ActionController::RoutingError (No route matches "/users/images/favicon.ico" with {:method=>:get}):
  warden (0.9.5) [v] lib/warden/manager.rb:34:in `call'
  warden (0.9.5) [v] lib/warden/manager.rb:33:in `catch'
  warden (0.9.5) [v] lib/warden/manager.rb:33:in `call'

Rendering rescues/layout (not_found)


Processing RegistrationsController#new (for 127.0.0.1 at 2010-03-15 03:23:42) [GET]
  Parameters: {"action"=>"new", "controller"=>"registrations"}
Rendering template within layouts/default2
Rendering registrations/new
Rendered shared/_devise_links (7.1ms)
Rendered article/_article_new (1.3ms)
  [4;35;1mUser Load (0.3ms)[0m   [0mSELECT * FROM "users" WHERE ("users"."id" = '1') LIMIT 1[0m
Completed in 41ms (View: 25, DB: 0) | 200 OK [http://localhost/users/sign_up]


Processing ApplicationController#index (for 127.0.0.1 at 2010-03-15 03:23:42) [GET]

ActionController::RoutingError (No route matches "/users/images/favicon.ico" with {:method=>:get}):
  warden (0.9.5) [v] lib/warden/manager.rb:34:in `call'
  warden (0.9.5) [v] lib/warden/manager.rb:33:in `catch'
  warden (0.9.5) [v] lib/warden/manager.rb:33:in `call'

Rendering rescues/layout (not_found)


Processing RegistrationsController#new (for 127.0.0.1 at 2010-03-15 03:26:52) [GET]
  Parameters: {"action"=>"new", "controller"=>"registrations"}
Rendering template within layouts/default2
Rendering registrations/new
Rendered shared/_devise_links (36.8ms)
Rendered article/_article_new (1.2ms)
  [4;36;1mUser Load (0.2ms)[0m   [0;1mSELECT * FROM "users" WHERE ("users"."id" = '1') LIMIT 1[0m
Completed in 143ms (View: 58, DB: 0) | 200 OK [http://localhost/users/sign_up]


Processing ApplicationController#index (for 127.0.0.1 at 2010-03-15 03:26:52) [GET]

ActionController::RoutingError (No route matches "/users/images/favicon.ico" with {:method=>:get}):
  warden (0.9.5) [v] lib/warden/manager.rb:34:in `call'
  warden (0.9.5) [v] lib/warden/manager.rb:33:in `catch'
  warden (0.9.5) [v] lib/warden/manager.rb:33:in `call'

Rendering rescues/layout (not_found)


Processing RegistrationsController#new (for 127.0.0.1 at 2010-03-15 03:26:55) [GET]
  Parameters: {"action"=>"new", "controller"=>"registrations"}
Rendering template within layouts/default2
Rendering registrations/new
Rendered shared/_devise_links (7.7ms)
Rendered article/_article_new (1.3ms)
  [4;35;1mUser Load (0.2ms)[0m   [0mSELECT * FROM "users" WHERE ("users"."id" = '1') LIMIT 1[0m
Completed in 35ms (View: 20, DB: 0) | 200 OK [http://localhost/users/sign_up]


Processing ApplicationController#index (for 127.0.0.1 at 2010-03-15 03:26:55) [GET]

ActionController::RoutingError (No route matches "/users/images/favicon.ico" with {:method=>:get}):
  warden (0.9.5) [v] lib/warden/manager.rb:34:in `call'
  warden (0.9.5) [v] lib/warden/manager.rb:33:in `catch'
  warden (0.9.5) [v] lib/warden/manager.rb:33:in `call'

Rendering rescues/layout (not_found)


Processing RegistrationsController#new (for 127.0.0.1 at 2010-03-15 03:30:06) [GET]
  Parameters: {"action"=>"new", "controller"=>"registrations"}
Rendering template within layouts/default2
Rendering registrations/new
Rendered shared/_devise_links (73.3ms)
Rendered article/_article_new (1.3ms)
  [4;36;1mUser Load (0.2ms)[0m   [0;1mSELECT * FROM "users" WHERE ("users"."id" = '1') LIMIT 1[0m
Completed in 181ms (View: 166, DB: 0) | 200 OK [http://localhost/users/sign_up]


Processing ApplicationController#index (for 127.0.0.1 at 2010-03-15 03:30:07) [GET]

ActionController::RoutingError (No route matches "/users/images/favicon.ico" with {:method=>:get}):
  warden (0.9.5) [v] lib/warden/manager.rb:34:in `call'
  warden (0.9.5) [v] lib/warden/manager.rb:33:in `catch'
  warden (0.9.5) [v] lib/warden/manager.rb:33:in `call'

Rendering rescues/layout (not_found)


Processing RegistrationsController#new (for 127.0.0.1 at 2010-03-15 03:30:24) [GET]
  Parameters: {"action"=>"new", "controller"=>"registrations"}
Rendering template within layouts/default2
Rendering registrations/new
Rendered shared/_devise_links (7.2ms)
Rendered article/_article_new (1.3ms)
Completed in 233ms (View: 18, DB: 0) | 200 OK [http://localhost/users/sign_up]


Processing ApplicationController#index (for 127.0.0.1 at 2010-03-15 03:30:24) [GET]

ActionController::RoutingError (No route matches "/users/images/favicon.ico" with {:method=>:get}):
  warden (0.9.5) [v] lib/warden/manager.rb:34:in `call'
  warden (0.9.5) [v] lib/warden/manager.rb:33:in `catch'
  warden (0.9.5) [v] lib/warden/manager.rb:33:in `call'

Rendering rescues/layout (not_found)


Processing ApplicationController#index (for 127.0.0.1 at 2010-03-15 03:30:27) [GET]

ActionController::RoutingError (No route matches "/users/images/favicon.ico" with {:method=>:get}):
  warden (0.9.5) [v] lib/warden/manager.rb:34:in `call'
  warden (0.9.5) [v] lib/warden/manager.rb:33:in `catch'
  warden (0.9.5) [v] lib/warden/manager.rb:33:in `call'

Rendering rescues/layout (not_found)


Processing RegistrationsController#new (for 127.0.0.1 at 2010-03-15 03:36:27) [GET]
  Parameters: {"action"=>"new", "controller"=>"registrations"}
Rendering template within layouts/default2
Rendering registrations/new
Rendered shared/_devise_links (36.0ms)
Rendered article/_article_new (1.3ms)
Completed in 72ms (View: 58, DB: 0) | 200 OK [http://localhost/users/sign_up]


Processing RegistrationsController#new (for 127.0.0.1 at 2010-03-15 03:37:57) [GET]
  Parameters: {"action"=>"new", "controller"=>"registrations"}
Rendering template within layouts/default2
Rendering registrations/new
Rendered shared/_devise_links (7.6ms)
Rendered article/_article_new (1.3ms)
  [4;35;1mUser Load (0.2ms)[0m   [0mSELECT * FROM "users" WHERE ("users"."id" = '1') LIMIT 1[0m
Completed in 48ms (View: 33, DB: 0) | 200 OK [http://localhost/users/sign_up]


Processing ApplicationController#index (for 127.0.0.1 at 2010-03-15 03:37:57) [GET]

ActionController::RoutingError (No route matches "/users/images/favicon.ico" with {:method=>:get}):
  warden (0.9.5) [v] lib/warden/manager.rb:34:in `call'
  warden (0.9.5) [v] lib/warden/manager.rb:33:in `catch'
  warden (0.9.5) [v] lib/warden/manager.rb:33:in `call'

Rendering rescues/layout (not_found)


Processing RegistrationsController#new (for 127.0.0.1 at 2010-03-15 03:38:22) [GET]
  Parameters: {"action"=>"new", "controller"=>"registrations"}
Rendering template within layouts/default2
Rendering registrations/new
Rendered shared/_devise_links (7.6ms)
Rendered article/_article_new (1.3ms)
  [4;36;1mUser Load (0.2ms)[0m   [0;1mSELECT * FROM "users" WHERE ("users"."id" = '1') LIMIT 1[0m
Completed in 36ms (View: 20, DB: 0) | 200 OK [http://localhost/users/sign_up]


Processing ApplicationController#index (for 127.0.0.1 at 2010-03-15 03:38:22) [GET]

ActionController::RoutingError (No route matches "/users/images/favicon.ico" with {:method=>:get}):
  warden (0.9.5) [v] lib/warden/manager.rb:34:in `call'
  warden (0.9.5) [v] lib/warden/manager.rb:33:in `catch'
  warden (0.9.5) [v] lib/warden/manager.rb:33:in `call'

Rendering rescues/layout (not_found)


Processing RegistrationsController#new (for 127.0.0.1 at 2010-03-15 03:40:49) [GET]
  Parameters: {"action"=>"new", "controller"=>"registrations"}
Rendering template within layouts/default2
Rendering registrations/new
Rendered shared/_devise_links (8.4ms)
Rendered article/_article_new (1.8ms)
  [4;35;1mUser Load (0.2ms)[0m   [0mSELECT * FROM "users" WHERE ("users"."id" = '1') LIMIT 1[0m
Completed in 49ms (View: 34, DB: 0) | 200 OK [http://localhost/users/sign_up]


Processing ApplicationController#index (for 127.0.0.1 at 2010-03-15 03:40:49) [GET]

ActionController::RoutingError (No route matches "/users/images/favicon.ico" with {:method=>:get}):
  warden (0.9.5) [v] lib/warden/manager.rb:34:in `call'
  warden (0.9.5) [v] lib/warden/manager.rb:33:in `catch'
  warden (0.9.5) [v] lib/warden/manager.rb:33:in `call'

Rendering rescues/layout (not_found)


Processing RegistrationsController#new (for 127.0.0.1 at 2010-03-15 03:41:15) [GET]
  Parameters: {"action"=>"new", "controller"=>"registrations"}
Rendering template within layouts/default2
Rendering registrations/new
Rendered shared/_devise_links (7.8ms)
Rendered article/_article_new (1.3ms)
  [4;36;1mUser Load (0.2ms)[0m   [0;1mSELECT * FROM "users" WHERE ("users"."id" = '1') LIMIT 1[0m
Completed in 36ms (View: 21, DB: 0) | 200 OK [http://localhost/users/sign_up]


Processing ApplicationController#index (for 127.0.0.1 at 2010-03-15 03:41:15) [GET]

ActionController::RoutingError (No route matches "/users/images/favicon.ico" with {:method=>:get}):
  warden (0.9.5) [v] lib/warden/manager.rb:34:in `call'
  warden (0.9.5) [v] lib/warden/manager.rb:33:in `catch'
  warden (0.9.5) [v] lib/warden/manager.rb:33:in `call'

Rendering rescues/layout (not_found)


Processing RegistrationsController#new (for 127.0.0.1 at 2010-03-15 03:41:56) [GET]
  Parameters: {"action"=>"new", "controller"=>"registrations"}
Rendering template within layouts/default2
Rendering registrations/new
Rendered shared/_devise_links (46.9ms)
Rendered article/_article_new (1.3ms)
  [4;35;1mUser Load (0.2ms)[0m   [0mSELECT * FROM "users" WHERE ("users"."id" = '1') LIMIT 1[0m
Completed in 141ms (View: 60, DB: 0) | 200 OK [http://localhost/users/sign_up]


Processing ApplicationController#index (for 127.0.0.1 at 2010-03-15 03:41:56) [GET]

ActionController::RoutingError (No route matches "/users/images/favicon.ico" with {:method=>:get}):
  warden (0.9.5) [v] lib/warden/manager.rb:34:in `call'
  warden (0.9.5) [v] lib/warden/manager.rb:33:in `catch'
  warden (0.9.5) [v] lib/warden/manager.rb:33:in `call'

Rendering rescues/layout (not_found)
  [4;36;1mSQL (10.4ms)[0m   [0;1m SELECT name
 FROM sqlite_master
 WHERE type = 'table' AND NOT name = 'sqlite_sequence'
[0m
  [4;35;1mSQL (0.3ms)[0m   [0mSELECT version FROM schema_migrations[0m
  [4;36;1mSQL (0.1ms)[0m   [0;1mselect sqlite_version(*)[0m
  [4;35;1mSQL (0.2ms)[0m   [0m SELECT name
 FROM sqlite_master
 WHERE type = 'table' AND NOT name = 'sqlite_sequence'
[0m
  [4;36;1mSQL (2.9ms)[0m   [0;1mCREATE TABLE "orders" ("id" INTEGER PRIMARY KEY AUTOINCREMENT NOT NULL, "created_at" datetime, "updated_at" datetime, "title" varchar(255), "link" varchar(255), "notes" text, "amount" integer DEFAULT 1, "vars" text, "userid" integer, "status" integer, "cost1" decimal DEFAULT 0.0, "cost2" decimal DEFAULT 0.0, "cost3" decimal DEFAULT 0.0, "realCost1" decimal DEFAULT 0.0, "realCost2" decimal DEFAULT 0.0, "realCost3" decimal DEFAULT 0.0, "cycle" integer DEFAULT 0) [0m
  [4;35;1mSQL (0.3ms)[0m   [0m SELECT name
 FROM sqlite_master
 WHERE type = 'table' AND NOT name = 'sqlite_sequence'
[0m
  [4;36;1mSQL (2.4ms)[0m   [0;1mCREATE TABLE "users" ("id" INTEGER PRIMARY KEY AUTOINCREMENT NOT NULL, "email" varchar(255) NOT NULL, "encrypted_password" varchar(40) NOT NULL, "password_salt" varchar(255) NOT NULL, "confirmation_token" varchar(20), "confirmed_at" datetime, "confirmation_sent_at" datetime, "reset_password_token" varchar(20), "remember_token" varchar(20), "remember_created_at" datetime, "sign_in_count" integer, "current_sign_in_at" datetime, "last_sign_in_at" datetime, "current_sign_in_ip" varchar(255), "last_sign_in_ip" varchar(255), "created_at" datetime, "updated_at" datetime, "role" integer DEFAULT 0, "name" varchar(255), "phone" varchar(255), "address" varchar(255), "postcode" varchar(255)) [0m
  [4;35;1mSQL (2.9ms)[0m   [0mCREATE UNIQUE INDEX "index_users_on_confirmation_token" ON "users" ("confirmation_token")[0m
  [4;36;1mSQL (3.0ms)[0m   [0;1mCREATE UNIQUE INDEX "index_users_on_email" ON "users" ("email")[0m
  [4;35;1mSQL (3.1ms)[0m   [0mCREATE UNIQUE INDEX "index_users_on_reset_password_token" ON "users" ("reset_password_token")[0m
  [4;36;1mSQL (0.3ms)[0m   [0;1m SELECT name
 FROM sqlite_master
 WHERE type = 'table' AND NOT name = 'sqlite_sequence'
[0m
  [4;35;1mSQL (3.5ms)[0m   [0mCREATE TABLE "schema_migrations" ("version" varchar(255) NOT NULL) [0m
  [4;36;1mSQL (3.1ms)[0m   [0;1mCREATE UNIQUE INDEX "unique_schema_migrations" ON "schema_migrations" ("version")[0m
  [4;35;1mSQL (0.3ms)[0m   [0m SELECT name
 FROM sqlite_master
 WHERE type = 'table' AND NOT name = 'sqlite_sequence'
[0m
  [4;36;1mSQL (0.1ms)[0m   [0;1mSELECT version FROM "schema_migrations"[0m
  [4;35;1mSQL (3.2ms)[0m   [0mINSERT INTO "schema_migrations" (version) VALUES ('20100311140621')[0m
  [4;36;1mSQL (3.2ms)[0m   [0;1mINSERT INTO "schema_migrations" (version) VALUES ('20100301002225')[0m
  [4;35;1mSQL (3.3ms)[0m   [0mINSERT INTO "schema_migrations" (version) VALUES ('20100309104354')[0m
  [4;36;1mSQL (2.9ms)[0m   [0;1mINSERT INTO "schema_migrations" (version) VALUES ('20100309104617')[0m
  [4;35;1mSQL (4.0ms)[0m   [0mINSERT INTO "schema_migrations" (version) VALUES ('20100310102826')[0m
  [4;36;1mSQL (3.4ms)[0m   [0;1mINSERT INTO "schema_migrations" (version) VALUES ('20100310131412')[0m
  [4;35;1mSQL (2.9ms)[0m   [0mINSERT INTO "schema_migrations" (version) VALUES ('20100310145133')[0m
  [4;36;1mSQL (4.2ms)[0m   [0;1mINSERT INTO "schema_migrations" (version) VALUES ('20100311081340')[0m
